gcc -m32 -c ../../userprog/syscall.c -o userprog/syscall.o -g -msoft-float -O -fno-stack-protector -nostdinc -I../.. -I../../lib -I../../lib/kernel -Wall -W -Wstrict-prototypes -Wmissing-prototypes -Wsystem-headers -DUSERPROG -DFILESYS -MMD -MF userprog/syscall.d
ld -melf_i386 -T threads/kernel.lds.s -o kernel.o threads/init.o threads/thread.o threads/switch.o threads/interrupt.o threads/intr-stubs.o threads/synch.o threads/palloc.o threads/malloc.o threads/start.o devices/timer.o devices/kbd.o devices/vga.o devices/serial.o devices/disk.o devices/input.o devices/intq.o lib/debug.o lib/random.o lib/stdio.o lib/stdlib.o lib/string.o lib/arithmetic.o lib/kernel/debug.o lib/kernel/list.o lib/kernel/bitmap.o lib/kernel/hash.o lib/kernel/console.o userprog/process.o userprog/pagedir.o userprog/exception.o userprog/syscall.o userprog/gdt.o userprog/tss.o filesys/filesys.o filesys/free-map.o filesys/file.o filesys/directory.o filesys/inode.o filesys/fsutil.o
objcopy -O binary -R .note -R .comment -S kernel.o kernel.bin.tmp
dd if=kernel.bin.tmp of=kernel.bin bs=4096 conv=sync
rm kernel.bin.tmp
gcc -m32 -c ../../threads/loader.S -o threads/loader.o -Wa,--gstabs -nostdinc -I../.. -I../../lib -I../../lib/kernel -DUSERPROG -DFILESYS -DKERNEL_LOAD_PAGES=`perl -e 'print +(-s "kernel.bin") / 4096;'`
ld -melf_i386 -N -e start -Ttext 0x7c00 --oformat binary -o loader.bin threads/loader.o
cat loader.bin kernel.bin > os.dsk
pintos -v -k -T 60 --qemu  --fs-disk=2 -p tests/userprog/args-none -a args-none -- -q   -f run args-none < /dev/null 2> tests/userprog/args-none.errors > tests/userprog/args-none.output
perl -I../.. ../../tests/userprog/args-none.ck tests/userprog/args-none tests/userprog/args-none.result
pass tests/userprog/args-none
pintos -v -k -T 60 --qemu  --fs-disk=2 -p tests/userprog/args-single -a args-single -- -q   -f run 'args-single onearg' < /dev/null 2> tests/userprog/args-single.errors > tests/userprog/args-single.output
perl -I../.. ../../tests/userprog/args-single.ck tests/userprog/args-single tests/userprog/args-single.result
pass tests/userprog/args-single
pintos -v -k -T 60 --qemu  --fs-disk=2 -p tests/userprog/args-multiple -a args-multiple -- -q   -f run 'args-multiple some arguments for you!' < /dev/null 2> tests/userprog/args-multiple.errors > tests/userprog/args-multiple.output
perl -I../.. ../../tests/userprog/args-multiple.ck tests/userprog/args-multiple tests/userprog/args-multiple.result
pass tests/userprog/args-multiple
pintos -v -k -T 60 --qemu  --fs-disk=2 -p tests/userprog/args-many -a args-many -- -q   -f run 'args-many a b c d e f g h i j k l m n o p q r s t u v' < /dev/null 2> tests/userprog/args-many.errors > tests/userprog/args-many.output
perl -I../.. ../../tests/userprog/args-many.ck tests/userprog/args-many tests/userprog/args-many.result
pass tests/userprog/args-many
pintos -v -k -T 60 --qemu  --fs-disk=2 -p tests/userprog/args-dbl-space -a args-dbl-space -- -q   -f run 'args-dbl-space two  spaces!' < /dev/null 2> tests/userprog/args-dbl-space.errors > tests/userprog/args-dbl-space.output
perl -I../.. ../../tests/userprog/args-dbl-space.ck tests/userprog/args-dbl-space tests/userprog/args-dbl-space.result
pass tests/userprog/args-dbl-space
pintos -v -k -T 60 --qemu  --fs-disk=2 -p tests/userprog/sc-bad-sp -a sc-bad-sp -- -q   -f run sc-bad-sp < /dev/null 2> tests/userprog/sc-bad-sp.errors > tests/userprog/sc-bad-sp.output
perl -I../.. ../../tests/userprog/sc-bad-sp.ck tests/userprog/sc-bad-sp tests/userprog/sc-bad-sp.result
FAIL tests/userprog/sc-bad-sp
Kernel panic in run: PANIC at ../../userprog/exception.c:100 in kill(): Kernel bug - unexpected interrupt in kernel
Call stack: 0xc011ce68
Translation of call stack:
0xc011ce68: (unknown)
pintos -v -k -T 60 --qemu  --fs-disk=2 -p tests/userprog/sc-bad-arg -a sc-bad-arg -- -q   -f run sc-bad-arg < /dev/null 2> tests/userprog/sc-bad-arg.errors > tests/userprog/sc-bad-arg.output
perl -I../.. ../../tests/userprog/sc-bad-arg.ck tests/userprog/sc-bad-arg tests/userprog/sc-bad-arg.result
FAIL tests/userprog/sc-bad-arg
Test output failed to match any acceptable form.

Acceptable output:
  (sc-bad-arg) begin
  sc-bad-arg: exit(-1)
Differences in `diff -u' format:
  (sc-bad-arg) begin
- sc-bad-arg: exit(-1)
+ sc-bad-arg: exit(-268370093)
pintos -v -k -T 60 --qemu  --fs-disk=2 -p tests/userprog/sc-boundary -a sc-boundary -- -q   -f run sc-boundary < /dev/null 2> tests/userprog/sc-boundary.errors > tests/userprog/sc-boundary.output
perl -I../.. ../../tests/userprog/sc-boundary.ck tests/userprog/sc-boundary tests/userprog/sc-boundary.result
pass tests/userprog/sc-boundary
pintos -v -k -T 60 --qemu  --fs-disk=2 -p tests/userprog/sc-boundary-2 -a sc-boundary-2 -- -q   -f run sc-boundary-2 < /dev/null 2> tests/userprog/sc-boundary-2.errors > tests/userprog/sc-boundary-2.output
perl -I../.. ../../tests/userprog/sc-boundary-2.ck tests/userprog/sc-boundary-2 tests/userprog/sc-boundary-2.result
pass tests/userprog/sc-boundary-2
pintos -v -k -T 60 --qemu  --fs-disk=2 -p tests/userprog/halt -a halt -- -q   -f run halt < /dev/null 2> tests/userprog/halt.errors > tests/userprog/halt.output
perl -I../.. ../../tests/userprog/halt.ck tests/userprog/halt tests/userprog/halt.result
pass tests/userprog/halt
pintos -v -k -T 60 --qemu  --fs-disk=2 -p tests/userprog/exit -a exit -- -q   -f run exit < /dev/null 2> tests/userprog/exit.errors > tests/userprog/exit.output
perl -I../.. ../../tests/userprog/exit.ck tests/userprog/exit tests/userprog/exit.result
pass tests/userprog/exit
pintos -v -k -T 60 --qemu  --fs-disk=2 -p tests/userprog/create-normal -a create-normal -- -q   -f run create-normal < /dev/null 2> tests/userprog/create-normal.errors > tests/userprog/create-normal.output
perl -I../.. ../../tests/userprog/create-normal.ck tests/userprog/create-normal tests/userprog/create-normal.result
pass tests/userprog/create-normal
pintos -v -k -T 60 --qemu  --fs-disk=2 -p tests/userprog/create-empty -a create-empty -- -q   -f run create-empty < /dev/null 2> tests/userprog/create-empty.errors > tests/userprog/create-empty.output
perl -I../.. ../../tests/userprog/create-empty.ck tests/userprog/create-empty tests/userprog/create-empty.result
pass tests/userprog/create-empty
pintos -v -k -T 60 --qemu  --fs-disk=2 -p tests/userprog/create-null -a create-null -- -q   -f run create-null < /dev/null 2> tests/userprog/create-null.errors > tests/userprog/create-null.output
perl -I../.. ../../tests/userprog/create-null.ck tests/userprog/create-null tests/userprog/create-null.result
pass tests/userprog/create-null
pintos -v -k -T 60 --qemu  --fs-disk=2 -p tests/userprog/create-bad-ptr -a create-bad-ptr -- -q   -f run create-bad-ptr < /dev/null 2> tests/userprog/create-bad-ptr.errors > tests/userprog/create-bad-ptr.output
perl -I../.. ../../tests/userprog/create-bad-ptr.ck tests/userprog/create-bad-ptr tests/userprog/create-bad-ptr.result
pass tests/userprog/create-bad-ptr
pintos -v -k -T 60 --qemu  --fs-disk=2 -p tests/userprog/create-long -a create-long -- -q   -f run create-long < /dev/null 2> tests/userprog/create-long.errors > tests/userprog/create-long.output
perl -I../.. ../../tests/userprog/create-long.ck tests/userprog/create-long tests/userprog/create-long.result
pass tests/userprog/create-long
pintos -v -k -T 60 --qemu  --fs-disk=2 -p tests/userprog/create-exists -a create-exists -- -q   -f run create-exists < /dev/null 2> tests/userprog/create-exists.errors > tests/userprog/create-exists.output
perl -I../.. ../../tests/userprog/create-exists.ck tests/userprog/create-exists tests/userprog/create-exists.result
pass tests/userprog/create-exists
pintos -v -k -T 60 --qemu  --fs-disk=2 -p tests/userprog/create-bound -a create-bound -- -q   -f run create-bound < /dev/null 2> tests/userprog/create-bound.errors > tests/userprog/create-bound.output
perl -I../.. ../../tests/userprog/create-bound.ck tests/userprog/create-bound tests/userprog/create-bound.result
pass tests/userprog/create-bound
pintos -v -k -T 60 --qemu  --fs-disk=2 -p tests/userprog/open-normal -a open-normal -p ../../tests/userprog/sample.txt -a sample.txt -- -q   -f run open-normal < /dev/null 2> tests/userprog/open-normal.errors > tests/userprog/open-normal.output
perl -I../.. ../../tests/userprog/open-normal.ck tests/userprog/open-normal tests/userprog/open-normal.result
pass tests/userprog/open-normal
pintos -v -k -T 60 --qemu  --fs-disk=2 -p tests/userprog/open-missing -a open-missing -- -q   -f run open-missing < /dev/null 2> tests/userprog/open-missing.errors > tests/userprog/open-missing.output
perl -I../.. ../../tests/userprog/open-missing.ck tests/userprog/open-missing tests/userprog/open-missing.result
pass tests/userprog/open-missing
pintos -v -k -T 60 --qemu  --fs-disk=2 -p tests/userprog/open-boundary -a open-boundary -p ../../tests/userprog/sample.txt -a sample.txt -- -q   -f run open-boundary < /dev/null 2> tests/userprog/open-boundary.errors > tests/userprog/open-boundary.output
perl -I../.. ../../tests/userprog/open-boundary.ck tests/userprog/open-boundary tests/userprog/open-boundary.result
pass tests/userprog/open-boundary
pintos -v -k -T 60 --qemu  --fs-disk=2 -p tests/userprog/open-empty -a open-empty -- -q   -f run open-empty < /dev/null 2> tests/userprog/open-empty.errors > tests/userprog/open-empty.output
perl -I../.. ../../tests/userprog/open-empty.ck tests/userprog/open-empty tests/userprog/open-empty.result
pass tests/userprog/open-empty
pintos -v -k -T 60 --qemu  --fs-disk=2 -p tests/userprog/open-null -a open-null -- -q   -f run open-null < /dev/null 2> tests/userprog/open-null.errors > tests/userprog/open-null.output
perl -I../.. ../../tests/userprog/open-null.ck tests/userprog/open-null tests/userprog/open-null.result
pass tests/userprog/open-null
pintos -v -k -T 60 --qemu  --fs-disk=2 -p tests/userprog/open-bad-ptr -a open-bad-ptr -- -q   -f run open-bad-ptr < /dev/null 2> tests/userprog/open-bad-ptr.errors > tests/userprog/open-bad-ptr.output
perl -I../.. ../../tests/userprog/open-bad-ptr.ck tests/userprog/open-bad-ptr tests/userprog/open-bad-ptr.result
pass tests/userprog/open-bad-ptr
pintos -v -k -T 60 --qemu  --fs-disk=2 -p tests/userprog/open-twice -a open-twice -p ../../tests/userprog/sample.txt -a sample.txt -- -q   -f run open-twice < /dev/null 2> tests/userprog/open-twice.errors > tests/userprog/open-twice.output
perl -I../.. ../../tests/userprog/open-twice.ck tests/userprog/open-twice tests/userprog/open-twice.result
pass tests/userprog/open-twice
pintos -v -k -T 60 --qemu  --fs-disk=2 -p tests/userprog/close-normal -a close-normal -p ../../tests/userprog/sample.txt -a sample.txt -- -q   -f run close-normal < /dev/null 2> tests/userprog/close-normal.errors > tests/userprog/close-normal.output
perl -I../.. ../../tests/userprog/close-normal.ck tests/userprog/close-normal tests/userprog/close-normal.result
pass tests/userprog/close-normal
pintos -v -k -T 60 --qemu  --fs-disk=2 -p tests/userprog/close-twice -a close-twice -p ../../tests/userprog/sample.txt -a sample.txt -- -q   -f run close-twice < /dev/null 2> tests/userprog/close-twice.errors > tests/userprog/close-twice.output
perl -I../.. ../../tests/userprog/close-twice.ck tests/userprog/close-twice tests/userprog/close-twice.result
pass tests/userprog/close-twice
pintos -v -k -T 60 --qemu  --fs-disk=2 -p tests/userprog/close-stdin -a close-stdin -- -q   -f run close-stdin < /dev/null 2> tests/userprog/close-stdin.errors > tests/userprog/close-stdin.output
perl -I../.. ../../tests/userprog/close-stdin.ck tests/userprog/close-stdin tests/userprog/close-stdin.result
pass tests/userprog/close-stdin
pintos -v -k -T 60 --qemu  --fs-disk=2 -p tests/userprog/close-stdout -a close-stdout -- -q   -f run close-stdout < /dev/null 2> tests/userprog/close-stdout.errors > tests/userprog/close-stdout.output
perl -I../.. ../../tests/userprog/close-stdout.ck tests/userprog/close-stdout tests/userprog/close-stdout.result
pass tests/userprog/close-stdout
pintos -v -k -T 60 --qemu  --fs-disk=2 -p tests/userprog/close-bad-fd -a close-bad-fd -- -q   -f run close-bad-fd < /dev/null 2> tests/userprog/close-bad-fd.errors > tests/userprog/close-bad-fd.output
perl -I../.. ../../tests/userprog/close-bad-fd.ck tests/userprog/close-bad-fd tests/userprog/close-bad-fd.result
pass tests/userprog/close-bad-fd
pintos -v -k -T 60 --qemu  --fs-disk=2 -p tests/userprog/read-normal -a read-normal -p ../../tests/userprog/sample.txt -a sample.txt -- -q   -f run read-normal < /dev/null 2> tests/userprog/read-normal.errors > tests/userprog/read-normal.output
perl -I../.. ../../tests/userprog/read-normal.ck tests/userprog/read-normal tests/userprog/read-normal.result
pass tests/userprog/read-normal
pintos -v -k -T 60 --qemu  --fs-disk=2 -p tests/userprog/read-bad-ptr -a read-bad-ptr -p ../../tests/userprog/sample.txt -a sample.txt -- -q   -f run read-bad-ptr < /dev/null 2> tests/userprog/read-bad-ptr.errors > tests/userprog/read-bad-ptr.output
perl -I../.. ../../tests/userprog/read-bad-ptr.ck tests/userprog/read-bad-ptr tests/userprog/read-bad-ptr.result
pass tests/userprog/read-bad-ptr
pintos -v -k -T 60 --qemu  --fs-disk=2 -p tests/userprog/read-boundary -a read-boundary -p ../../tests/userprog/sample.txt -a sample.txt -- -q   -f run read-boundary < /dev/null 2> tests/userprog/read-boundary.errors > tests/userprog/read-boundary.output
perl -I../.. ../../tests/userprog/read-boundary.ck tests/userprog/read-boundary tests/userprog/read-boundary.result
pass tests/userprog/read-boundary
pintos -v -k -T 60 --qemu  --fs-disk=2 -p tests/userprog/read-zero -a read-zero -p ../../tests/userprog/sample.txt -a sample.txt -- -q   -f run read-zero < /dev/null 2> tests/userprog/read-zero.errors > tests/userprog/read-zero.output
perl -I../.. ../../tests/userprog/read-zero.ck tests/userprog/read-zero tests/userprog/read-zero.result
pass tests/userprog/read-zero
pintos -v -k -T 60 --qemu  --fs-disk=2 -p tests/userprog/read-stdout -a read-stdout -- -q   -f run read-stdout < /dev/null 2> tests/userprog/read-stdout.errors > tests/userprog/read-stdout.output
perl -I../.. ../../tests/userprog/read-stdout.ck tests/userprog/read-stdout tests/userprog/read-stdout.result
pass tests/userprog/read-stdout
pintos -v -k -T 60 --qemu  --fs-disk=2 -p tests/userprog/read-bad-fd -a read-bad-fd -- -q   -f run read-bad-fd < /dev/null 2> tests/userprog/read-bad-fd.errors > tests/userprog/read-bad-fd.output
perl -I../.. ../../tests/userprog/read-bad-fd.ck tests/userprog/read-bad-fd tests/userprog/read-bad-fd.result
pass tests/userprog/read-bad-fd
pintos -v -k -T 60 --qemu  --fs-disk=2 -p tests/userprog/write-normal -a write-normal -p ../../tests/userprog/sample.txt -a sample.txt -- -q   -f run write-normal < /dev/null 2> tests/userprog/write-normal.errors > tests/userprog/write-normal.output
perl -I../.. ../../tests/userprog/write-normal.ck tests/userprog/write-normal tests/userprog/write-normal.result
pass tests/userprog/write-normal
pintos -v -k -T 60 --qemu  --fs-disk=2 -p tests/userprog/write-bad-ptr -a write-bad-ptr -p ../../tests/userprog/sample.txt -a sample.txt -- -q   -f run write-bad-ptr < /dev/null 2> tests/userprog/write-bad-ptr.errors > tests/userprog/write-bad-ptr.output
perl -I../.. ../../tests/userprog/write-bad-ptr.ck tests/userprog/write-bad-ptr tests/userprog/write-bad-ptr.result
pass tests/userprog/write-bad-ptr
pintos -v -k -T 60 --qemu  --fs-disk=2 -p tests/userprog/write-boundary -a write-boundary -p ../../tests/userprog/sample.txt -a sample.txt -- -q   -f run write-boundary < /dev/null 2> tests/userprog/write-boundary.errors > tests/userprog/write-boundary.output
perl -I../.. ../../tests/userprog/write-boundary.ck tests/userprog/write-boundary tests/userprog/write-boundary.result
pass tests/userprog/write-boundary
pintos -v -k -T 60 --qemu  --fs-disk=2 -p tests/userprog/write-zero -a write-zero -p ../../tests/userprog/sample.txt -a sample.txt -- -q   -f run write-zero < /dev/null 2> tests/userprog/write-zero.errors > tests/userprog/write-zero.output
perl -I../.. ../../tests/userprog/write-zero.ck tests/userprog/write-zero tests/userprog/write-zero.result
pass tests/userprog/write-zero
pintos -v -k -T 60 --qemu  --fs-disk=2 -p tests/userprog/write-stdin -a write-stdin -- -q   -f run write-stdin < /dev/null 2> tests/userprog/write-stdin.errors > tests/userprog/write-stdin.output
perl -I../.. ../../tests/userprog/write-stdin.ck tests/userprog/write-stdin tests/userprog/write-stdin.result
pass tests/userprog/write-stdin
pintos -v -k -T 60 --qemu  --fs-disk=2 -p tests/userprog/write-bad-fd -a write-bad-fd -- -q   -f run write-bad-fd < /dev/null 2> tests/userprog/write-bad-fd.errors > tests/userprog/write-bad-fd.output
perl -I../.. ../../tests/userprog/write-bad-fd.ck tests/userprog/write-bad-fd tests/userprog/write-bad-fd.result
pass tests/userprog/write-bad-fd
pintos -v -k -T 60 --qemu  --fs-disk=2 -p tests/userprog/exec-once -a exec-once -p tests/userprog/child-simple -a child-simple -- -q   -f run exec-once < /dev/null 2> tests/userprog/exec-once.errors > tests/userprog/exec-once.output
perl -I../.. ../../tests/userprog/exec-once.ck tests/userprog/exec-once tests/userprog/exec-once.result
pass tests/userprog/exec-once
pintos -v -k -T 60 --qemu  --fs-disk=2 -p tests/userprog/exec-arg -a exec-arg -p tests/userprog/child-args -a child-args -- -q   -f run exec-arg < /dev/null 2> tests/userprog/exec-arg.errors > tests/userprog/exec-arg.output
perl -I../.. ../../tests/userprog/exec-arg.ck tests/userprog/exec-arg tests/userprog/exec-arg.result
pass tests/userprog/exec-arg
pintos -v -k -T 60 --qemu  --fs-disk=2 -p tests/userprog/exec-multiple -a exec-multiple -p tests/userprog/child-simple -a child-simple -- -q   -f run exec-multiple < /dev/null 2> tests/userprog/exec-multiple.errors > tests/userprog/exec-multiple.output
perl -I../.. ../../tests/userprog/exec-multiple.ck tests/userprog/exec-multiple tests/userprog/exec-multiple.result
pass tests/userprog/exec-multiple
pintos -v -k -T 60 --qemu  --fs-disk=2 -p tests/userprog/exec-missing -a exec-missing -- -q   -f run exec-missing < /dev/null 2> tests/userprog/exec-missing.errors > tests/userprog/exec-missing.output
perl -I../.. ../../tests/userprog/exec-missing.ck tests/userprog/exec-missing tests/userprog/exec-missing.result
FAIL tests/userprog/exec-missing
Test output failed to match any acceptable form.

Acceptable output:
  (exec-missing) begin
  (exec-missing) exec("no-such-file"): -1
  (exec-missing) end
  exec-missing: exit(0)
Differences in `diff -u' format:
  (exec-missing) begin
- (exec-missing) exec("no-such-file"): -1
+ (exec-missing) exec("no-such-file"): 4
  (exec-missing) end
  exec-missing: exit(0)
Acceptable output:
  (exec-missing) begin
  load: no-such-file: open failed
  (exec-missing) exec("no-such-file"): -1
  (exec-missing) end
  exec-missing: exit(0)
Differences in `diff -u' format:
  (exec-missing) begin
- load: no-such-file: open failed
- (exec-missing) exec("no-such-file"): -1
+ (exec-missing) exec("no-such-file"): 4
  (exec-missing) end
  exec-missing: exit(0)
Acceptable output:
  (exec-missing) begin
  load: no-such-file: open failed
  (exec-missing) exec("no-such-file"): -1
  no-such-file: exit(-1)
  (exec-missing) end
  exec-missing: exit(0)
Differences in `diff -u' format:
  (exec-missing) begin
- load: no-such-file: open failed
- (exec-missing) exec("no-such-file"): -1
- no-such-file: exit(-1)
+ (exec-missing) exec("no-such-file"): 4
  (exec-missing) end
  exec-missing: exit(0)
Acceptable output:
  (exec-missing) begin
  load: no-such-file: open failed
  no-such-file: exit(-1)
  (exec-missing) exec("no-such-file"): -1
  (exec-missing) end
  exec-missing: exit(0)
Differences in `diff -u' format:
  (exec-missing) begin
- load: no-such-file: open failed
- no-such-file: exit(-1)
- (exec-missing) exec("no-such-file"): -1
+ (exec-missing) exec("no-such-file"): 4
  (exec-missing) end
  exec-missing: exit(0)
pintos -v -k -T 60 --qemu  --fs-disk=2 -p tests/userprog/exec-bad-ptr -a exec-bad-ptr -- -q   -f run exec-bad-ptr < /dev/null 2> tests/userprog/exec-bad-ptr.errors > tests/userprog/exec-bad-ptr.output
perl -I../.. ../../tests/userprog/exec-bad-ptr.ck tests/userprog/exec-bad-ptr tests/userprog/exec-bad-ptr.result
pass tests/userprog/exec-bad-ptr
pintos -v -k -T 60 --qemu  --fs-disk=2 -p tests/userprog/wait-simple -a wait-simple -p tests/userprog/child-simple -a child-simple -- -q   -f run wait-simple < /dev/null 2> tests/userprog/wait-simple.errors > tests/userprog/wait-simple.output
perl -I../.. ../../tests/userprog/wait-simple.ck tests/userprog/wait-simple tests/userprog/wait-simple.result
FAIL tests/userprog/wait-simple
Test output failed to match any acceptable form.

Acceptable output:
  (wait-simple) begin
  (child-simple) run
  child-simple: exit(81)
  (wait-simple) wait(exec()) = 81
  (wait-simple) end
  wait-simple: exit(0)
Differences in `diff -u' format:
  (wait-simple) begin
  (child-simple) run
  child-simple: exit(81)
- (wait-simple) wait(exec()) = 81
+ (wait-simple) wait(exec()) = 4
  (wait-simple) end
  wait-simple: exit(0)
pintos -v -k -T 60 --qemu  --fs-disk=2 -p tests/userprog/wait-twice -a wait-twice -p tests/userprog/child-simple -a child-simple -- -q   -f run wait-twice < /dev/null 2> tests/userprog/wait-twice.errors > tests/userprog/wait-twice.output
perl -I../.. ../../tests/userprog/wait-twice.ck tests/userprog/wait-twice tests/userprog/wait-twice.result
FAIL tests/userprog/wait-twice
Kernel panic in run: PANIC at ../../userprog/exception.c:100 in kill(): Kernel bug - unexpected interrupt in kernel
Call stack: 0xc011ce38
Translation of call stack:
0xc011ce38: (unknown)
pintos -v -k -T 60 --qemu  --fs-disk=2 -p tests/userprog/wait-killed -a wait-killed -p tests/userprog/child-bad -a child-bad -- -q   -f run wait-killed < /dev/null 2> tests/userprog/wait-killed.errors > tests/userprog/wait-killed.output
perl -I../.. ../../tests/userprog/wait-killed.ck tests/userprog/wait-killed tests/userprog/wait-killed.result
FAIL tests/userprog/wait-killed
Kernel panic in run: PANIC at ../../userprog/exception.c:100 in kill(): Kernel bug - unexpected interrupt in kernel
Call stack: 0xc0120e68
Translation of call stack:
0xc0120e68: (unknown)
pintos -v -k -T 60 --qemu  --fs-disk=2 -p tests/userprog/wait-bad-pid -a wait-bad-pid -- -q   -f run wait-bad-pid < /dev/null 2> tests/userprog/wait-bad-pid.errors > tests/userprog/wait-bad-pid.output
perl -I../.. ../../tests/userprog/wait-bad-pid.ck tests/userprog/wait-bad-pid tests/userprog/wait-bad-pid.result
FAIL tests/userprog/wait-bad-pid
run: TIMEOUT after 61 seconds of wall-clock time - load average: 0.22, 0.23, 0.15
pintos -v -k -T 60 --qemu  --fs-disk=2 -p tests/userprog/multi-recurse -a multi-recurse -- -q   -f run 'multi-recurse 15' < /dev/null 2> tests/userprog/multi-recurse.errors > tests/userprog/multi-recurse.output
perl -I../.. ../../tests/userprog/multi-recurse.ck tests/userprog/multi-recurse tests/userprog/multi-recurse.result
FAIL tests/userprog/multi-recurse
run: wait(exec("multi-recurse 0")) returned 18: FAILED
pintos -v -k -T 60 --qemu  --fs-disk=2 -p tests/userprog/multi-child-fd -a multi-child-fd -p ../../tests/userprog/sample.txt -a sample.txt -p tests/userprog/child-close -a child-close -- -q   -f run multi-child-fd < /dev/null 2> tests/userprog/multi-child-fd.errors > tests/userprog/multi-child-fd.output
perl -I../.. ../../tests/userprog/multi-child-fd.ck tests/userprog/multi-child-fd tests/userprog/multi-child-fd.result
FAIL tests/userprog/multi-child-fd
run: read of 239 bytes at offset 0 in "sample.txt" returned 4294967295: FAILED
pintos -v -k -T 60 --qemu  --fs-disk=2 -p tests/userprog/rox-simple -a rox-simple -- -q   -f run rox-simple < /dev/null 2> tests/userprog/rox-simple.errors > tests/userprog/rox-simple.output
perl -I../.. ../../tests/userprog/rox-simple.ck tests/userprog/rox-simple tests/userprog/rox-simple.result
FAIL tests/userprog/rox-simple
run: try to write "rox-simple": FAILED
pintos -v -k -T 60 --qemu  --fs-disk=2 -p tests/userprog/rox-child -a rox-child -p tests/userprog/child-rox -a child-rox -- -q   -f run rox-child < /dev/null 2> tests/userprog/rox-child.errors > tests/userprog/rox-child.output
perl -I../.. ../../tests/userprog/rox-child.ck tests/userprog/rox-child tests/userprog/rox-child.result
FAIL tests/userprog/rox-child
run: try to write "child-rox": FAILED
pintos -v -k -T 60 --qemu  --fs-disk=2 -p tests/userprog/rox-multichild -a rox-multichild -p tests/userprog/child-rox -a child-rox -- -q   -f run rox-multichild < /dev/null 2> tests/userprog/rox-multichild.errors > tests/userprog/rox-multichild.output
perl -I../.. ../../tests/userprog/rox-multichild.ck tests/userprog/rox-multichild tests/userprog/rox-multichild.result
FAIL tests/userprog/rox-multichild
run: try to write "child-rox": FAILED
pintos -v -k -T 60 --qemu  --fs-disk=2 -p tests/userprog/bad-read -a bad-read -- -q   -f run bad-read < /dev/null 2> tests/userprog/bad-read.errors > tests/userprog/bad-read.output
perl -I../.. ../../tests/userprog/bad-read.ck tests/userprog/bad-read tests/userprog/bad-read.result
FAIL tests/userprog/bad-read
Test output failed to match any acceptable form.

Acceptable output:
  (bad-read) begin
  bad-read: exit(-1)
Differences in `diff -u' format:
  (bad-read) begin
- bad-read: exit(-1)

(User fault messages are excluded for matching purposes.)
pintos -v -k -T 60 --qemu  --fs-disk=2 -p tests/userprog/bad-write -a bad-write -- -q   -f run bad-write < /dev/null 2> tests/userprog/bad-write.errors > tests/userprog/bad-write.output
perl -I../.. ../../tests/userprog/bad-write.ck tests/userprog/bad-write tests/userprog/bad-write.result
FAIL tests/userprog/bad-write
Test output failed to match any acceptable form.

Acceptable output:
  (bad-write) begin
  bad-write: exit(-1)
Differences in `diff -u' format:
  (bad-write) begin
- bad-write: exit(-1)

(User fault messages are excluded for matching purposes.)
pintos -v -k -T 60 --qemu  --fs-disk=2 -p tests/userprog/bad-read2 -a bad-read2 -- -q   -f run bad-read2 < /dev/null 2> tests/userprog/bad-read2.errors > tests/userprog/bad-read2.output
perl -I../.. ../../tests/userprog/bad-read2.ck tests/userprog/bad-read2 tests/userprog/bad-read2.result
FAIL tests/userprog/bad-read2
Test output failed to match any acceptable form.

Acceptable output:
  (bad-read2) begin
  bad-read2: exit(-1)
Differences in `diff -u' format:
  (bad-read2) begin
- bad-read2: exit(-1)

(User fault messages are excluded for matching purposes.)
pintos -v -k -T 60 --qemu  --fs-disk=2 -p tests/userprog/bad-write2 -a bad-write2 -- -q   -f run bad-write2 < /dev/null 2> tests/userprog/bad-write2.errors > tests/userprog/bad-write2.output
perl -I../.. ../../tests/userprog/bad-write2.ck tests/userprog/bad-write2 tests/userprog/bad-write2.result
FAIL tests/userprog/bad-write2
Test output failed to match any acceptable form.

Acceptable output:
  (bad-write2) begin
  bad-write2: exit(-1)
Differences in `diff -u' format:
  (bad-write2) begin
- bad-write2: exit(-1)

(User fault messages are excluded for matching purposes.)
pintos -v -k -T 60 --qemu  --fs-disk=2 -p tests/userprog/bad-jump -a bad-jump -- -q   -f run bad-jump < /dev/null 2> tests/userprog/bad-jump.errors > tests/userprog/bad-jump.output
perl -I../.. ../../tests/userprog/bad-jump.ck tests/userprog/bad-jump tests/userprog/bad-jump.result
FAIL tests/userprog/bad-jump
Test output failed to match any acceptable form.

Acceptable output:
  (bad-jump) begin
  bad-jump: exit(-1)
Differences in `diff -u' format:
  (bad-jump) begin
- bad-jump: exit(-1)

(User fault messages are excluded for matching purposes.)
pintos -v -k -T 60 --qemu  --fs-disk=2 -p tests/userprog/bad-jump2 -a bad-jump2 -- -q   -f run bad-jump2 < /dev/null 2> tests/userprog/bad-jump2.errors > tests/userprog/bad-jump2.output
perl -I../.. ../../tests/userprog/bad-jump2.ck tests/userprog/bad-jump2 tests/userprog/bad-jump2.result
FAIL tests/userprog/bad-jump2
Test output failed to match any acceptable form.

Acceptable output:
  (bad-jump2) begin
  bad-jump2: exit(-1)
Differences in `diff -u' format:
  (bad-jump2) begin
- bad-jump2: exit(-1)

(User fault messages are excluded for matching purposes.)
pintos -v -k -T 360 --qemu  --fs-disk=2 -p tests/userprog/no-vm/multi-oom -a multi-oom -- -q   -f run multi-oom < /dev/null 2> tests/userprog/no-vm/multi-oom.errors > tests/userprog/no-vm/multi-oom.output
perl -I../.. ../../tests/userprog/no-vm/multi-oom.ck tests/userprog/no-vm/multi-oom tests/userprog/no-vm/multi-oom.result
FAIL tests/userprog/no-vm/multi-oom
Kernel panic in run: PANIC at ../../userprog/pagedir.c:133 in pagedir_get_page(): assertion `is_user_vaddr (uaddr)' failed.
Call stack: 0xc0160f24
Translation of call stack:
0xc0160f24: (unknown)
pintos -v -k -T 60 --qemu  --fs-disk=2 -p tests/filesys/base/lg-create -a lg-create -- -q   -f run lg-create < /dev/null 2> tests/filesys/base/lg-create.errors > tests/filesys/base/lg-create.output
perl -I../.. ../../tests/filesys/base/lg-create.ck tests/filesys/base/lg-create tests/filesys/base/lg-create.result
pass tests/filesys/base/lg-create
pintos -v -k -T 60 --qemu  --fs-disk=2 -p tests/filesys/base/lg-full -a lg-full -- -q   -f run lg-full < /dev/null 2> tests/filesys/base/lg-full.errors > tests/filesys/base/lg-full.output
perl -I../.. ../../tests/filesys/base/lg-full.ck tests/filesys/base/lg-full tests/filesys/base/lg-full.result
pass tests/filesys/base/lg-full
pintos -v -k -T 60 --qemu  --fs-disk=2 -p tests/filesys/base/lg-random -a lg-random -- -q   -f run lg-random < /dev/null 2> tests/filesys/base/lg-random.errors > tests/filesys/base/lg-random.output
perl -I../.. ../../tests/filesys/base/lg-random.ck tests/filesys/base/lg-random tests/filesys/base/lg-random.result
pass tests/filesys/base/lg-random
pintos -v -k -T 60 --qemu  --fs-disk=2 -p tests/filesys/base/lg-seq-block -a lg-seq-block -- -q   -f run lg-seq-block < /dev/null 2> tests/filesys/base/lg-seq-block.errors > tests/filesys/base/lg-seq-block.output
perl -I../.. ../../tests/filesys/base/lg-seq-block.ck tests/filesys/base/lg-seq-block tests/filesys/base/lg-seq-block.result
pass tests/filesys/base/lg-seq-block
pintos -v -k -T 60 --qemu  --fs-disk=2 -p tests/filesys/base/lg-seq-random -a lg-seq-random -- -q   -f run lg-seq-random < /dev/null 2> tests/filesys/base/lg-seq-random.errors > tests/filesys/base/lg-seq-random.output
perl -I../.. ../../tests/filesys/base/lg-seq-random.ck tests/filesys/base/lg-seq-random tests/filesys/base/lg-seq-random.result
pass tests/filesys/base/lg-seq-random
pintos -v -k -T 60 --qemu  --fs-disk=2 -p tests/filesys/base/sm-create -a sm-create -- -q   -f run sm-create < /dev/null 2> tests/filesys/base/sm-create.errors > tests/filesys/base/sm-create.output
perl -I../.. ../../tests/filesys/base/sm-create.ck tests/filesys/base/sm-create tests/filesys/base/sm-create.result
pass tests/filesys/base/sm-create
pintos -v -k -T 60 --qemu  --fs-disk=2 -p tests/filesys/base/sm-full -a sm-full -- -q   -f run sm-full < /dev/null 2> tests/filesys/base/sm-full.errors > tests/filesys/base/sm-full.output
perl -I../.. ../../tests/filesys/base/sm-full.ck tests/filesys/base/sm-full tests/filesys/base/sm-full.result
pass tests/filesys/base/sm-full
pintos -v -k -T 60 --qemu  --fs-disk=2 -p tests/filesys/base/sm-random -a sm-random -- -q   -f run sm-random < /dev/null 2> tests/filesys/base/sm-random.errors > tests/filesys/base/sm-random.output
perl -I../.. ../../tests/filesys/base/sm-random.ck tests/filesys/base/sm-random tests/filesys/base/sm-random.result
pass tests/filesys/base/sm-random
pintos -v -k -T 60 --qemu  --fs-disk=2 -p tests/filesys/base/sm-seq-block -a sm-seq-block -- -q   -f run sm-seq-block < /dev/null 2> tests/filesys/base/sm-seq-block.errors > tests/filesys/base/sm-seq-block.output
perl -I../.. ../../tests/filesys/base/sm-seq-block.ck tests/filesys/base/sm-seq-block tests/filesys/base/sm-seq-block.result
pass tests/filesys/base/sm-seq-block
pintos -v -k -T 60 --qemu  --fs-disk=2 -p tests/filesys/base/sm-seq-random -a sm-seq-random -- -q   -f run sm-seq-random < /dev/null 2> tests/filesys/base/sm-seq-random.errors > tests/filesys/base/sm-seq-random.output
perl -I../.. ../../tests/filesys/base/sm-seq-random.ck tests/filesys/base/sm-seq-random tests/filesys/base/sm-seq-random.result
pass tests/filesys/base/sm-seq-random
pintos -v -k -T 300 --qemu  --fs-disk=2 -p tests/filesys/base/syn-read -a syn-read -p tests/filesys/base/child-syn-read -a child-syn-read -- -q   -f run syn-read < /dev/null 2> tests/filesys/base/syn-read.errors > tests/filesys/base/syn-read.output
perl -I../.. ../../tests/filesys/base/syn-read.ck tests/filesys/base/syn-read tests/filesys/base/syn-read.result
FAIL tests/filesys/base/syn-read
run: wait for child 1 of 10 returned 4 (expected 0): FAILED
pintos -v -k -T 60 --qemu  --fs-disk=2 -p tests/filesys/base/syn-remove -a syn-remove -- -q   -f run syn-remove < /dev/null 2> tests/filesys/base/syn-remove.errors > tests/filesys/base/syn-remove.output
perl -I../.. ../../tests/filesys/base/syn-remove.ck tests/filesys/base/syn-remove tests/filesys/base/syn-remove.result
pass tests/filesys/base/syn-remove
pintos -v -k -T 60 --qemu  --fs-disk=2 -p tests/filesys/base/syn-write -a syn-write -p tests/filesys/base/child-syn-wrt -a child-syn-wrt -- -q   -f run syn-write < /dev/null 2> tests/filesys/base/syn-write.errors > tests/filesys/base/syn-write.output
perl -I../.. ../../tests/filesys/base/syn-write.ck tests/filesys/base/syn-write tests/filesys/base/syn-write.result
FAIL tests/filesys/base/syn-write
run: wait for child 1 of 10 returned 4 (expected 0): FAILED
../../tests/make-grade ../.. results ../../tests/userprog/Grading | tee grade
TOTAL TESTING SCORE: 62.7%

- - - - - - - - - - - - - - - - - - - - - - - - - - - - - - - - - - - - - - 

SUMMARY BY TEST SET

Test Set                                      Pts Max  % Ttl  % Max
--------------------------------------------- --- --- ------ ------
tests/userprog/Rubric.functionality            74/108  24.0%/ 35.0%
tests/userprog/Rubric.robustness               59/ 88  16.8%/ 25.0%
tests/userprog/no-vm/Rubric                     0/  1   0.0%/ 10.0%
tests/filesys/base/Rubric                      22/ 30  22.0%/ 30.0%
--------------------------------------------- --- --- ------ ------
Total                                                  62.7%/100.0%

- - - - - - - - - - - - - - - - - - - - - - - - - - - - - - - - - - - - - - 

SUMMARY OF INDIVIDUAL TESTS

Functionality of system calls (tests/userprog/Rubric.functionality):
	- Test argument passing on Pintos command line.
	     3/ 3 tests/userprog/args-none
	     3/ 3 tests/userprog/args-single
	     3/ 3 tests/userprog/args-multiple
	     3/ 3 tests/userprog/args-many
	     3/ 3 tests/userprog/args-dbl-space

	- Test "create" system call.
	     3/ 3 tests/userprog/create-empty
	     3/ 3 tests/userprog/create-long
	     3/ 3 tests/userprog/create-normal
	     3/ 3 tests/userprog/create-exists

	- Test "open" system call.
	     3/ 3 tests/userprog/open-missing
	     3/ 3 tests/userprog/open-normal
	     3/ 3 tests/userprog/open-twice

	- Test "read" system call.
	     3/ 3 tests/userprog/read-normal
	     3/ 3 tests/userprog/read-zero

	- Test "write" system call.
	     3/ 3 tests/userprog/write-normal
	     3/ 3 tests/userprog/write-zero

	- Test "close" system call.
	     3/ 3 tests/userprog/close-normal

	- Test "exec" system call.
	     5/ 5 tests/userprog/exec-once
	     5/ 5 tests/userprog/exec-multiple
	     5/ 5 tests/userprog/exec-arg

	- Test "wait" system call.
	  ** 0/ 5 tests/userprog/wait-simple
	  ** 0/ 5 tests/userprog/wait-twice

	- Test "exit" system call.
	     5/ 5 tests/userprog/exit

	- Test "halt" system call.
	     3/ 3 tests/userprog/halt

	- Test recursive execution of user programs.
	  ** 0/15 tests/userprog/multi-recurse

	- Test read-only executable feature.
	  ** 0/ 3 tests/userprog/rox-simple
	  ** 0/ 3 tests/userprog/rox-child
	  ** 0/ 3 tests/userprog/rox-multichild

	- Section summary.
	     22/ 28 tests passed
	     74/108 points subtotal

Robustness of system calls (tests/userprog/Rubric.robustness):
	- Test robustness of file descriptor handling.
	     2/ 2 tests/userprog/close-stdin
	     2/ 2 tests/userprog/close-stdout
	     2/ 2 tests/userprog/close-bad-fd
	     2/ 2 tests/userprog/close-twice
	     2/ 2 tests/userprog/read-bad-fd
	     2/ 2 tests/userprog/read-stdout
	     2/ 2 tests/userprog/write-bad-fd
	     2/ 2 tests/userprog/write-stdin
	  ** 0/ 2 tests/userprog/multi-child-fd

	- Test robustness of pointer handling.
	     3/ 3 tests/userprog/create-bad-ptr
	     3/ 3 tests/userprog/exec-bad-ptr
	     3/ 3 tests/userprog/open-bad-ptr
	     3/ 3 tests/userprog/read-bad-ptr
	     3/ 3 tests/userprog/write-bad-ptr

	- Test robustness of buffer copying across page boundaries.
	     3/ 3 tests/userprog/create-bound
	     3/ 3 tests/userprog/open-boundary
	     3/ 3 tests/userprog/read-boundary
	     3/ 3 tests/userprog/write-boundary

	- Test handling of null pointer and empty strings.
	     2/ 2 tests/userprog/create-null
	     2/ 2 tests/userprog/open-null
	     2/ 2 tests/userprog/open-empty

	- Test robustness of system call implementation.
	  ** 0/ 3 tests/userprog/sc-bad-arg
	  ** 0/ 3 tests/userprog/sc-bad-sp
	     5/ 5 tests/userprog/sc-boundary
	     5/ 5 tests/userprog/sc-boundary-2

	- Test robustness of "exec" and "wait" system calls.
	  ** 0/ 5 tests/userprog/exec-missing
	  ** 0/ 5 tests/userprog/wait-bad-pid
	  ** 0/ 5 tests/userprog/wait-killed

	- Test robustness of exception handling.
	  ** 0/ 1 tests/userprog/bad-read
	  ** 0/ 1 tests/userprog/bad-write
	  ** 0/ 1 tests/userprog/bad-jump
	  ** 0/ 1 tests/userprog/bad-read2
	  ** 0/ 1 tests/userprog/bad-write2
	  ** 0/ 1 tests/userprog/bad-jump2

	- Section summary.
	     22/ 34 tests passed
	     59/ 88 points subtotal

Functionality of features that VM might break (tests/userprog/no-vm/Rubric):

	  ** 0/ 1 tests/userprog/no-vm/multi-oom

	- Section summary.
	      0/  1 tests passed
	      0/  1 points subtotal

Functionality of base file system (tests/filesys/base/Rubric):
	- Test basic support for small files.
	     1/ 1 tests/filesys/base/sm-create
	     2/ 2 tests/filesys/base/sm-full
	     2/ 2 tests/filesys/base/sm-random
	     2/ 2 tests/filesys/base/sm-seq-block
	     3/ 3 tests/filesys/base/sm-seq-random

	- Test basic support for large files.
	     1/ 1 tests/filesys/base/lg-create
	     2/ 2 tests/filesys/base/lg-full
	     2/ 2 tests/filesys/base/lg-random
	     2/ 2 tests/filesys/base/lg-seq-block
	     3/ 3 tests/filesys/base/lg-seq-random

	- Test synchronized multiprogram access to files.
	  ** 0/ 4 tests/filesys/base/syn-read
	  ** 0/ 4 tests/filesys/base/syn-write
	     2/ 2 tests/filesys/base/syn-remove

	- Section summary.
	     11/ 13 tests passed
	     22/ 30 points subtotal


- - - - - - - - - - - - - - - - - - - - - - - - - - - - - - - - - - - - - - 

DETAILS OF tests/userprog/wait-simple FAILURE:

Test output failed to match any acceptable form.

Acceptable output:
  (wait-simple) begin
  (child-simple) run
  child-simple: exit(81)
  (wait-simple) wait(exec()) = 81
  (wait-simple) end
  wait-simple: exit(0)
Differences in `diff -u' format:
  (wait-simple) begin
  (child-simple) run
  child-simple: exit(81)
- (wait-simple) wait(exec()) = 81
+ (wait-simple) wait(exec()) = 4
  (wait-simple) end
  wait-simple: exit(0)

OUTPUT FROM tests/userprog/wait-simple:

Copying tests/userprog/wait-simple into /tmp/EYNonepN3Z.dsk...
Copying tests/userprog/child-simple into /tmp/EYNonepN3Z.dsk...
Writing command line to /tmp/I5rsyuQ_3G.dsk...
qemu -hda /tmp/I5rsyuQ_3G.dsk -hdb /tmp/WLenTTJh5h.dsk -hdc /tmp/EYNonepN3Z.dsk -m 4 -net none -nographic -monitor null
Kernel command line: -q -f put wait-simple put child-simple run wait-simple
Pintos booting with 4,088 kB RAM...
373 pages available in kernel pool.
373 pages available in user pool.
Calibrating timer...  471,040,000 loops/s.
hd0:0: detected 137 sector (68 kB) disk, model "QEMU HARDDISK", serial "QM00001"
hd0:1: detected 4,032 sector (1 MB) disk, model "QEMU HARDDISK", serial "QM00002"
hd1:0: detected 207 sector (103 kB) disk, model "QEMU HARDDISK", serial "QM00003"
Formatting file system...done.
Boot complete.
Putting 'wait-simple' into the file system...
Putting 'child-simple' into the file system...
Executing 'wait-simple':
(wait-simple) begin
(child-simple) run
child-simple: exit(81)
(wait-simple) wait(exec()) = 4
(wait-simple) end
wait-simple: exit(0)
Execution of 'wait-simple' complete.
Timer: 64 ticks
Thread: 5 idle ticks, 59 kernel ticks, 0 user ticks
hd0:0: 0 reads, 0 writes
hd0:1: 122 reads, 424 writes
hd1:0: 207 reads, 0 writes
Console: 952 characters output
Keyboard: 0 keys pressed
Exception: 0 page faults
Powering off...

- - - - - - - - - - - - - - - - - - - - - - - - - - - - - - - - - - - - - - 

DETAILS OF tests/userprog/wait-twice FAILURE:

Kernel panic in run: PANIC at ../../userprog/exception.c:100 in kill(): Kernel bug - unexpected interrupt in kernel
Call stack: 0xc011ce38
Translation of call stack:
0xc011ce38: (unknown)

OUTPUT FROM tests/userprog/wait-twice:

Copying tests/userprog/wait-twice into /tmp/Nw52SOBv6V.dsk...
Copying tests/userprog/child-simple into /tmp/Nw52SOBv6V.dsk...
Writing command line to /tmp/yjM5gxbjnq.dsk...
qemu -hda /tmp/yjM5gxbjnq.dsk -hdb /tmp/suhXYdh7cO.dsk -hdc /tmp/Nw52SOBv6V.dsk -m 4 -net none -nographic -monitor null
Kernel command line: -q -f put wait-twice put child-simple run wait-twice
Pintos booting with 4,088 kB RAM...
373 pages available in kernel pool.
373 pages available in user pool.
Calibrating timer...  471,040,000 loops/s.
hd0:0: detected 137 sector (68 kB) disk, model "QEMU HARDDISK", serial "QM00001"
hd0:1: detected 4,032 sector (1 MB) disk, model "QEMU HARDDISK", serial "QM00002"
hd1:0: detected 207 sector (103 kB) disk, model "QEMU HARDDISK", serial "QM00003"
Formatting file system...done.
Boot complete.
Putting 'wait-twice' into the file system...
Putting 'child-simple' into the file system...
Executing 'wait-twice':
(wait-twice) begin
(child-simple) run
child-simple: exit(81)
(wait-twice) wait(exec()) = 4
Page fault at 0xccccccac: not present error reading page in kernel context.
Interrupt 0x0e (#PF Page-Fault Exception) at eip=0xc0108ff6
 cr2=ccccccac error=00000000
 eax=c011c038 ebx=cccccccc ecx=0804bb40 edx=00000001
 esi=c011c030 edi=00000004 esp=c011c030 ebp=c011cf34
 cs=0008 ds=0010 es=0010 ss=001e
Kernel PANIC at ../../userprog/exception.c:100 in kill(): Kernel bug - unexpected interrupt in kernel
Call stack: 0xc011ce38Page fault at 0x64: not present error reading page in kernel context.
Interrupt 0x0e (#PF Page-Fault Exception) at eip=0xc0105312
 cr2=00000064 error=00000000
 eax=00000064 ebx=00000064 ecx=c011cd64 edx=000003d4
 esi=c010d2b3 edi=c010ec95 esp=c010e573 ebp=c011cdf8
 cs=0008 ds=0010 es=0010 ss=ce38
Kernel PANIC recursion at ../../userprog/exception.c:100 in kill().
Timer: 62 ticks
Thread: 0 idle ticks, 60 kernel ticks, 2 user ticks
hd0:0: 0 reads, 0 writes
hd0:1: 122 reads, 424 writes
hd1:0: 207 reads, 0 writes
Console: 1664 characters output
Keyboard: 0 keys pressed
Exception: 2 page faults
Powering off...

- - - - - - - - - - - - - - - - - - - - - - - - - - - - - - - - - - - - - - 

DETAILS OF tests/userprog/multi-recurse FAILURE:

run: wait(exec("multi-recurse 0")) returned 18: FAILED

OUTPUT FROM tests/userprog/multi-recurse:

Copying tests/userprog/multi-recurse into /tmp/e1Y6CuyDfj.dsk...
Writing command line to /tmp/TWOMWbjjmV.dsk...
qemu -hda /tmp/TWOMWbjjmV.dsk -hdb /tmp/QFtTbbWWHK.dsk -hdc /tmp/e1Y6CuyDfj.dsk -m 4 -net none -nographic -monitor null
Kernel command line: -q -f put multi-recurse run 'multi-recurse 15'
Pintos booting with 4,088 kB RAM...
373 pages available in kernel pool.
373 pages available in user pool.
Calibrating timer...  419,020,800 loops/s.
hd0:0: detected 137 sector (68 kB) disk, model "QEMU HARDDISK", serial "QM00001"
hd0:1: detected 4,032 sector (1 MB) disk, model "QEMU HARDDISK", serial "QM00002"
hd1:0: detected 116 sector (58 kB) disk, model "QEMU HARDDISK", serial "QM00003"
Formatting file system...done.
Boot complete.
Putting 'multi-recurse' into the file system...
Executing 'multi-recurse 15':
(multi-recurse) begin 15
(multi-recurse) exec("multi-recurse 14")
(multi-recurse) begin 14
(multi-recurse) exec("multi-recurse 13")
(multi-recurse) begin 13
(multi-recurse) exec("multi-recurse 12")
(multi-recurse) begin 12
(multi-recurse) exec("multi-recurse 11")
(multi-recurse) begin 11
(multi-recurse) exec("multi-recurse 10")
(multi-recurse) begin 10
(multi-recurse) exec("multi-recurse 9")
(multi-recurse) begin 9
(multi-recurse) exec("multi-recurse 8")
(multi-recurse) begin 8
(multi-recurse) exec("multi-recurse 7")
(multi-recurse) begin 7
(multi-recurse) exec("multi-recurse 6")
(multi-recurse) begin 6
(multi-recurse) exec("multi-recurse 5")
(multi-recurse) begin 5
(multi-recurse) exec("multi-recurse 4")
(multi-recurse) begin 4
(multi-recurse) exec("multi-recurse 3")
(multi-recurse) begin 3
(multi-recurse) exec("multi-recurse 2")
(multi-recurse) begin 2
(multi-recurse) exec("multi-recurse 1")
(multi-recurse) begin 1
(multi-recurse) exec("multi-recurse 0")
(multi-recurse) begin 0
(multi-recurse) end 0
multi-recurse: exit(0)
(multi-recurse) wait(exec("multi-recurse 0")) returned 18: FAILED
multi-recurse: exit(1)
(multi-recurse) wait(exec("multi-recurse 1")) returned 17: FAILED
multi-recurse: exit(1)
(multi-recurse) wait(exec("multi-recurse 2")) returned 16: FAILED
multi-recurse: exit(1)
(multi-recurse) wait(exec("multi-recurse 3")) returned 15: FAILED
multi-recurse: exit(1)
(multi-recurse) wait(exec("multi-recurse 4")) returned 14: FAILED
multi-recurse: exit(1)
(multi-recurse) wait(exec("multi-recurse 5")) returned 13: FAILED
multi-recurse: exit(1)
(multi-recurse) wait(exec("multi-recurse 6")) returned 12: FAILED
multi-recurse: exit(1)
(multi-recurse) wait(exec("multi-recurse 7")) returned 11: FAILED
multi-recurse: exit(1)
(multi-recurse) wait(exec("multi-recurse 8")) returned 10: FAILED
multi-recurse: exit(1)
(multi-recurse) end 10
multi-recurse: exit(10)
(multi-recurse) wait(exec("multi-recurse 10")) returned 8: FAILED
multi-recurse: exit(1)
(multi-recurse) wait(exec("multi-recurse 11")) returned 7: FAILED
multi-recurse: exit(1)
(multi-recurse) wait(exec("multi-recurse 12")) returned 6: FAILED
multi-recurse: exit(1)
(multi-recurse) wait(exec("multi-recurse 13")) returned 5: FAILED
multi-recurse: exit(1)
(multi-recurse) wait(exec("multi-recurse 14")) returned 4: FAILED
multi-recurse: exit(1)
Execution of 'multi-recurse 15' complete.
Timer: 76 ticks
Thread: 7 idle ticks, 57 kernel ticks, 12 user ticks
hd0:0: 0 reads, 0 writes
hd0:1: 654 reads, 240 writes
hd1:0: 116 reads, 0 writes
Console: 3110 characters output
Keyboard: 0 keys pressed
Exception: 0 page faults
Powering off...

- - - - - - - - - - - - - - - - - - - - - - - - - - - - - - - - - - - - - - 

DETAILS OF tests/userprog/rox-simple FAILURE:

run: try to write "rox-simple": FAILED

OUTPUT FROM tests/userprog/rox-simple:

Copying tests/userprog/rox-simple into /tmp/47c2xQDEAI.dsk...
Writing command line to /tmp/3LxIpJiN3i.dsk...
qemu -hda /tmp/3LxIpJiN3i.dsk -hdb /tmp/xrb57AJHWt.dsk -hdc /tmp/47c2xQDEAI.dsk -m 4 -net none -nographic -monitor null
Kernel command line: -q -f put rox-simple run rox-simple
Pintos booting with 4,088 kB RAM...
373 pages available in kernel pool.
373 pages available in user pool.
Calibrating timer...  419,020,800 loops/s.
hd0:0: detected 137 sector (68 kB) disk, model "QEMU HARDDISK", serial "QM00001"
hd0:1: detected 4,032 sector (1 MB) disk, model "QEMU HARDDISK", serial "QM00002"
hd1:0: detected 104 sector (52 kB) disk, model "QEMU HARDDISK", serial "QM00003"
Formatting file system...done.
Boot complete.
Putting 'rox-simple' into the file system...
Executing 'rox-simple':
(rox-simple) begin
(rox-simple) open "rox-simple"
(rox-simple) read "rox-simple"
(rox-simple) try to write "rox-simple"
(rox-simple) try to write "rox-simple": FAILED
rox-simple: exit(1)
Execution of 'rox-simple' complete.
Timer: 57 ticks
Thread: 3 idle ticks, 53 kernel ticks, 1 user ticks
hd0:0: 0 reads, 0 writes
hd0:1: 64 reads, 217 writes
hd1:0: 104 reads, 0 writes
Console: 936 characters output
Keyboard: 0 keys pressed
Exception: 0 page faults
Powering off...

- - - - - - - - - - - - - - - - - - - - - - - - - - - - - - - - - - - - - - 

DETAILS OF tests/userprog/rox-child FAILURE:

run: try to write "child-rox": FAILED

OUTPUT FROM tests/userprog/rox-child:

Copying tests/userprog/rox-child into /tmp/4Es4Ix9aLp.dsk...
Copying tests/userprog/child-rox into /tmp/4Es4Ix9aLp.dsk...
Writing command line to /tmp/SSF1GBpPP4.dsk...
qemu -hda /tmp/SSF1GBpPP4.dsk -hdb /tmp/1RwYdNWim5.dsk -hdc /tmp/4Es4Ix9aLp.dsk -m 4 -net none -nographic -monitor null
Kernel command line: -q -f put rox-child put child-rox run rox-child
Pintos booting with 4,088 kB RAM...
373 pages available in kernel pool.
373 pages available in user pool.
Calibrating timer...  419,020,800 loops/s.
hd0:0: detected 137 sector (68 kB) disk, model "QEMU HARDDISK", serial "QM00001"
hd0:1: detected 4,032 sector (1 MB) disk, model "QEMU HARDDISK", serial "QM00002"
hd1:0: detected 222 sector (111 kB) disk, model "QEMU HARDDISK", serial "QM00003"
Formatting file system...done.
Boot complete.
Putting 'rox-child' into the file system...
Putting 'child-rox' into the file system...
Executing 'rox-child':
(rox-child) begin
(rox-child) open "child-rox"
(rox-child) read "child-rox"
(rox-child) write "child-rox"
(rox-child) exec "child-rox 1"
(child-rox) begin
(child-rox) try to write "child-rox"
(child-rox) try to write "child-rox": FAILED
child-rox: exit(1)
(rox-child) wait for child: FAILED
rox-child: exit(1)
Execution of 'rox-child' complete.
Timer: 62 ticks
Thread: 5 idle ticks, 57 kernel ticks, 0 user ticks
hd0:0: 0 reads, 0 writes
hd0:1: 130 reads, 456 writes
hd1:0: 222 reads, 0 writes
Console: 1114 characters output
Keyboard: 0 keys pressed
Exception: 0 page faults
Powering off...

- - - - - - - - - - - - - - - - - - - - - - - - - - - - - - - - - - - - - - 

DETAILS OF tests/userprog/rox-multichild FAILURE:

run: try to write "child-rox": FAILED

OUTPUT FROM tests/userprog/rox-multichild:

Copying tests/userprog/rox-multichild into /tmp/5GgQxqvEhv.dsk...
Copying tests/userprog/child-rox into /tmp/5GgQxqvEhv.dsk...
Writing command line to /tmp/87pNztmhfL.dsk...
qemu -hda /tmp/87pNztmhfL.dsk -hdb /tmp/K509S2VEby.dsk -hdc /tmp/5GgQxqvEhv.dsk -m 4 -net none -nographic -monitor null
Kernel command line: -q -f put rox-multichild put child-rox run rox-multichild
Pintos booting with 4,088 kB RAM...
373 pages available in kernel pool.
373 pages available in user pool.
Calibrating timer...  419,020,800 loops/s.
hd0:0: detected 137 sector (68 kB) disk, model "QEMU HARDDISK", serial "QM00001"
hd0:1: detected 4,032 sector (1 MB) disk, model "QEMU HARDDISK", serial "QM00002"
hd1:0: detected 222 sector (111 kB) disk, model "QEMU HARDDISK", serial "QM00003"
Formatting file system...done.
Boot complete.
Putting 'rox-multichild' into the file system...
Putting 'child-rox' into the file system...
Executing 'rox-multichild':
(rox-multichild) begin
(rox-multichild) open "child-rox"
(rox-multichild) read "child-rox"
(rox-multichild) write "child-rox"
(rox-multichild) exec "child-rox 5"
(child-rox) begin
(child-rox) try to write "child-rox"
(child-rox) try to write "child-rox": FAILED
child-rox: exit(1)
(rox-multichild) wait for child: FAILED
rox-multichild: exit(1)
Execution of 'rox-multichild' complete.
Timer: 62 ticks
Thread: 4 idle ticks, 56 kernel ticks, 2 user ticks
hd0:0: 0 reads, 0 writes
hd0:1: 130 reads, 456 writes
hd1:0: 222 reads, 0 writes
Console: 1174 characters output
Keyboard: 0 keys pressed
Exception: 0 page faults
Powering off...

- - - - - - - - - - - - - - - - - - - - - - - - - - - - - - - - - - - - - - 

DETAILS OF tests/userprog/multi-child-fd FAILURE:

run: read of 239 bytes at offset 0 in "sample.txt" returned 4294967295: FAILED

OUTPUT FROM tests/userprog/multi-child-fd:

Copying tests/userprog/multi-child-fd into /tmp/DBlx5wVxwB.dsk...
Copying ../../tests/userprog/sample.txt into /tmp/DBlx5wVxwB.dsk...
Copying tests/userprog/child-close into /tmp/DBlx5wVxwB.dsk...
Writing command line to /tmp/wbJfGYTB6Z.dsk...
qemu -hda /tmp/wbJfGYTB6Z.dsk -hdb /tmp/uLKbN9n85T.dsk -hdc /tmp/DBlx5wVxwB.dsk -m 4 -net none -nographic -monitor null
Kernel command line: -q -f put multi-child-fd put sample.txt put child-close run multi-child-fd
Pintos booting with 4,088 kB RAM...
373 pages available in kernel pool.
373 pages available in user pool.
Calibrating timer...  419,020,800 loops/s.
hd0:0: detected 137 sector (68 kB) disk, model "QEMU HARDDISK", serial "QM00001"
hd0:1: detected 4,032 sector (1 MB) disk, model "QEMU HARDDISK", serial "QM00002"
hd1:0: detected 222 sector (111 kB) disk, model "QEMU HARDDISK", serial "QM00003"
Formatting file system...done.
Boot complete.
Putting 'multi-child-fd' into the file system...
Putting 'sample.txt' into the file system...
Putting 'child-close' into the file system...
Executing 'multi-child-fd':
(multi-child-fd) begin
(multi-child-fd) open "sample.txt"
(child-close) begin
(child-close) end
child-close: exit(0)
(multi-child-fd) wait(exec()) = 4
(multi-child-fd) size of sample.txt (3222347180) differs from expected (239)
(multi-child-fd) read of 239 bytes at offset 0 in "sample.txt" returned 4294967295: FAILED
multi-child-fd: exit(1)
Execution of 'multi-child-fd' complete.
Timer: 62 ticks
Thread: 5 idle ticks, 55 kernel ticks, 2 user ticks
hd0:0: 0 reads, 0 writes
hd0:1: 184 reads, 456 writes
hd1:0: 222 reads, 0 writes
Console: 1236 characters output
Keyboard: 0 keys pressed
Exception: 0 page faults
Powering off...

- - - - - - - - - - - - - - - - - - - - - - - - - - - - - - - - - - - - - - 

DETAILS OF tests/userprog/sc-bad-arg FAILURE:

Test output failed to match any acceptable form.

Acceptable output:
  (sc-bad-arg) begin
  sc-bad-arg: exit(-1)
Differences in `diff -u' format:
  (sc-bad-arg) begin
- sc-bad-arg: exit(-1)
+ sc-bad-arg: exit(-268370093)

OUTPUT FROM tests/userprog/sc-bad-arg:

Copying tests/userprog/sc-bad-arg into /tmp/aGgqMMa3_8.dsk...
Writing command line to /tmp/BhculF4qZc.dsk...
qemu -hda /tmp/BhculF4qZc.dsk -hdb /tmp/Wf16jpKI5m.dsk -hdc /tmp/aGgqMMa3_8.dsk -m 4 -net none -nographic -monitor null
Kernel command line: -q -f put sc-bad-arg run sc-bad-arg
Pintos booting with 4,088 kB RAM...
373 pages available in kernel pool.
373 pages available in user pool.
Calibrating timer...  471,040,000 loops/s.
hd0:0: detected 137 sector (68 kB) disk, model "QEMU HARDDISK", serial "QM00001"
hd0:1: detected 4,032 sector (1 MB) disk, model "QEMU HARDDISK", serial "QM00002"
hd1:0: detected 104 sector (52 kB) disk, model "QEMU HARDDISK", serial "QM00003"
Formatting file system...done.
Boot complete.
Putting 'sc-bad-arg' into the file system...
Executing 'sc-bad-arg':
(sc-bad-arg) begin
sc-bad-arg: exit(-268370093)
Execution of 'sc-bad-arg' complete.
Timer: 62 ticks
Thread: 4 idle ticks, 58 kernel ticks, 0 user ticks
hd0:0: 0 reads, 0 writes
hd0:1: 59 reads, 216 writes
hd1:0: 104 reads, 0 writes
Console: 797 characters output
Keyboard: 0 keys pressed
Exception: 0 page faults
Powering off...

- - - - - - - - - - - - - - - - - - - - - - - - - - - - - - - - - - - - - - 

DETAILS OF tests/userprog/sc-bad-sp FAILURE:

Kernel panic in run: PANIC at ../../userprog/exception.c:100 in kill(): Kernel bug - unexpected interrupt in kernel
Call stack: 0xc011ce68
Translation of call stack:
0xc011ce68: (unknown)

OUTPUT FROM tests/userprog/sc-bad-sp:

Copying tests/userprog/sc-bad-sp into /tmp/NRekFTUBMZ.dsk...
Writing command line to /tmp/OgBNgn6osy.dsk...
qemu -hda /tmp/OgBNgn6osy.dsk -hdb /tmp/_ABiHYQtGv.dsk -hdc /tmp/NRekFTUBMZ.dsk -m 4 -net none -nographic -monitor null
Kernel command line: -q -f put sc-bad-sp run sc-bad-sp
Pintos booting with 4,088 kB RAM...
373 pages available in kernel pool.
373 pages available in user pool.
Calibrating timer...  471,040,000 loops/s.
hd0:0: detected 137 sector (68 kB) disk, model "QEMU HARDDISK", serial "QM00001"
hd0:1: detected 4,032 sector (1 MB) disk, model "QEMU HARDDISK", serial "QM00002"
hd1:0: detected 104 sector (52 kB) disk, model "QEMU HARDDISK", serial "QM00003"
Formatting file system...done.
Boot complete.
Putting 'sc-bad-sp' into the file system...
Executing 'sc-bad-sp':
(sc-bad-sp) begin
Page fault at 0x40480a6: not present error reading page in kernel context.
Interrupt 0x0e (#PF Page-Fault Exception) at eip=0xc010a9d7
 cr2=040480a6 error=00000000
 eax=00000030 ebx=00000000 ecx=000000ad edx=c010a9c2
 esi=040480a6 edi=c011cfb0 esp=00000001 ebp=c011cf74
 cs=0008 ds=0010 es=0010 ss=bb00
Kernel PANIC at ../../userprog/exception.c:100 in kill(): Kernel bug - unexpected interrupt in kernel
Call stack: 0xc011ce68Page fault at 0x64: not present error reading page in kernel context.
Interrupt 0x0e (#PF Page-Fault Exception) at eip=0xc0105312
 cr2=00000064 error=00000000
 eax=00000064 ebx=00000064 ecx=c011cd94 edx=000003d4
 esi=c010d2b3 edi=c010ec95 esp=c010e573 ebp=c011ce28
 cs=0008 ds=0010 es=0010 ss=ce68
Kernel PANIC recursion at ../../userprog/exception.c:100 in kill().
Timer: 61 ticks
Thread: 3 idle ticks, 57 kernel ticks, 1 user ticks
hd0:0: 0 reads, 0 writes
hd0:1: 59 reads, 216 writes
hd1:0: 104 reads, 0 writes
Console: 1520 characters output
Keyboard: 0 keys pressed
Exception: 2 page faults
Powering off...

- - - - - - - - - - - - - - - - - - - - - - - - - - - - - - - - - - - - - - 

DETAILS OF tests/userprog/exec-missing FAILURE:

Test output failed to match any acceptable form.

Acceptable output:
  (exec-missing) begin
  (exec-missing) exec("no-such-file"): -1
  (exec-missing) end
  exec-missing: exit(0)
Differences in `diff -u' format:
  (exec-missing) begin
- (exec-missing) exec("no-such-file"): -1
+ (exec-missing) exec("no-such-file"): 4
  (exec-missing) end
  exec-missing: exit(0)
Acceptable output:
  (exec-missing) begin
  load: no-such-file: open failed
  (exec-missing) exec("no-such-file"): -1
  (exec-missing) end
  exec-missing: exit(0)
Differences in `diff -u' format:
  (exec-missing) begin
- load: no-such-file: open failed
- (exec-missing) exec("no-such-file"): -1
+ (exec-missing) exec("no-such-file"): 4
  (exec-missing) end
  exec-missing: exit(0)
Acceptable output:
  (exec-missing) begin
  load: no-such-file: open failed
  (exec-missing) exec("no-such-file"): -1
  no-such-file: exit(-1)
  (exec-missing) end
  exec-missing: exit(0)
Differences in `diff -u' format:
  (exec-missing) begin
- load: no-such-file: open failed
- (exec-missing) exec("no-such-file"): -1
- no-such-file: exit(-1)
+ (exec-missing) exec("no-such-file"): 4
  (exec-missing) end
  exec-missing: exit(0)
Acceptable output:
  (exec-missing) begin
  load: no-such-file: open failed
  no-such-file: exit(-1)
  (exec-missing) exec("no-such-file"): -1
  (exec-missing) end
  exec-missing: exit(0)
Differences in `diff -u' format:
  (exec-missing) begin
- load: no-such-file: open failed
- no-such-file: exit(-1)
- (exec-missing) exec("no-such-file"): -1
+ (exec-missing) exec("no-such-file"): 4
  (exec-missing) end
  exec-missing: exit(0)

OUTPUT FROM tests/userprog/exec-missing:

Copying tests/userprog/exec-missing into /tmp/mngriaj11k.dsk...
Writing command line to /tmp/J0d4m_0JnH.dsk...
qemu -hda /tmp/J0d4m_0JnH.dsk -hdb /tmp/VLhRenFISI.dsk -hdc /tmp/mngriaj11k.dsk -m 4 -net none -nographic -monitor null
Kernel command line: -q -f put exec-missing run exec-missing
Pintos booting with 4,088 kB RAM...
373 pages available in kernel pool.
373 pages available in user pool.
Calibrating timer...  471,040,000 loops/s.
hd0:0: detected 137 sector (68 kB) disk, model "QEMU HARDDISK", serial "QM00001"
hd0:1: detected 4,032 sector (1 MB) disk, model "QEMU HARDDISK", serial "QM00002"
hd1:0: detected 104 sector (52 kB) disk, model "QEMU HARDDISK", serial "QM00003"
Formatting file system...done.
Boot complete.
Putting 'exec-missing' into the file system...
Executing 'exec-missing':
(exec-missing) begin
(exec-missing) exec("no-such-file"): 4
(exec-missing) end
exec-missing: exit(0)
Execution of 'exec-missing' complete.
Timer: 60 ticks
Thread: 1 idle ticks, 59 kernel ticks, 0 user ticks
hd0:0: 0 reads, 0 writes
hd0:1: 59 reads, 216 writes
hd1:0: 104 reads, 0 writes
Console: 860 characters output
Keyboard: 0 keys pressed
Exception: 0 page faults
Powering off...

- - - - - - - - - - - - - - - - - - - - - - - - - - - - - - - - - - - - - - 

DETAILS OF tests/userprog/wait-bad-pid FAILURE:

run: TIMEOUT after 61 seconds of wall-clock time - load average: 0.22, 0.23, 0.15

OUTPUT FROM tests/userprog/wait-bad-pid:

Copying tests/userprog/wait-bad-pid into /tmp/uatwOF4Keu.dsk...
Writing command line to /tmp/FyGzeu69tw.dsk...
qemu -hda /tmp/FyGzeu69tw.dsk -hdb /tmp/LnPJfBXH5b.dsk -hdc /tmp/uatwOF4Keu.dsk -m 4 -net none -nographic -monitor null
Kernel command line: -q -f put wait-bad-pid run wait-bad-pid
Pintos booting with 4,088 kB RAM...
373 pages available in kernel pool.
373 pages available in user pool.
Calibrating timer...  471,040,000 loops/s.
hd0:0: detected 137 sector (68 kB) disk, model "QEMU HARDDISK", serial "QM00001"
hd0:1: detected 4,032 sector (1 MB) disk, model "QEMU HARDDISK", serial "QM00002"
hd1:0: detected 103 sector (51 kB) disk, model "QEMU HARDDISK", serial "QM00003"
Formatting file system...done.
Boot complete.
Putting 'wait-bad-pid' into the file system...
Executing 'wait-bad-pid':
(wait-bad-pid) begin

TIMEOUT after 61 seconds of wall-clock time - load average: 0.22, 0.23, 0.15

- - - - - - - - - - - - - - - - - - - - - - - - - - - - - - - - - - - - - - 

DETAILS OF tests/userprog/wait-killed FAILURE:

Kernel panic in run: PANIC at ../../userprog/exception.c:100 in kill(): Kernel bug - unexpected interrupt in kernel
Call stack: 0xc0120e68
Translation of call stack:
0xc0120e68: (unknown)

OUTPUT FROM tests/userprog/wait-killed:

Copying tests/userprog/wait-killed into /tmp/QsK3hJiGcr.dsk...
Copying tests/userprog/child-bad into /tmp/QsK3hJiGcr.dsk...
Writing command line to /tmp/RASTzZryAz.dsk...
qemu -hda /tmp/RASTzZryAz.dsk -hdb /tmp/PQc7FeyZkl.dsk -hdc /tmp/QsK3hJiGcr.dsk -m 4 -net none -nographic -monitor null
Kernel command line: -q -f put wait-killed put child-bad run wait-killed
Pintos booting with 4,088 kB RAM...
373 pages available in kernel pool.
373 pages available in user pool.
Calibrating timer...  471,040,000 loops/s.
hd0:0: detected 137 sector (68 kB) disk, model "QEMU HARDDISK", serial "QM00001"
hd0:1: detected 4,032 sector (1 MB) disk, model "QEMU HARDDISK", serial "QM00002"
hd1:0: detected 208 sector (104 kB) disk, model "QEMU HARDDISK", serial "QM00003"
Formatting file system...done.
Boot complete.
Putting 'wait-killed' into the file system...
Putting 'child-bad' into the file system...
Executing 'wait-killed':
(wait-killed) begin
(child-bad) begin
Page fault at 0x20101234: not present error reading page in kernel context.
Interrupt 0x0e (#PF Page-Fault Exception) at eip=0xc010a9d7
 cr2=20101234 error=00000000
 eax=00000030 ebx=00000000 ecx=000000ad edx=c010a9c2
 esi=20101234 edi=c0120fb0 esp=00000001 ebp=c0120f74
 cs=0008 ds=0010 es=0010 ss=bb00
Kernel PANIC at ../../userprog/exception.c:100 in kill(): Kernel bug - unexpected interrupt in kernel
Call stack: 0xc0120e68Page fault at 0x64: not present error reading page in kernel context.
Interrupt 0x0e (#PF Page-Fault Exception) at eip=0xc0105312
 cr2=00000064 error=00000000
 eax=00000064 ebx=00000064 ecx=c0120d94 edx=000003d4
 esi=c010d2b3 edi=c010ec95 esp=c010e573 ebp=c0120e28
 cs=0008 ds=0010 es=0010 ss=0e68
Kernel PANIC recursion at ../../userprog/exception.c:100 in kill().
Timer: 65 ticks
Thread: 5 idle ticks, 59 kernel ticks, 1 user ticks
hd0:0: 0 reads, 0 writes
hd0:1: 116 reads, 426 writes
hd1:0: 208 reads, 0 writes
Console: 1609 characters output
Keyboard: 0 keys pressed
Exception: 2 page faults
Powering off...

- - - - - - - - - - - - - - - - - - - - - - - - - - - - - - - - - - - - - - 

DETAILS OF tests/userprog/bad-read FAILURE:

Test output failed to match any acceptable form.

Acceptable output:
  (bad-read) begin
  bad-read: exit(-1)
Differences in `diff -u' format:
  (bad-read) begin
- bad-read: exit(-1)

(User fault messages are excluded for matching purposes.)

OUTPUT FROM tests/userprog/bad-read:

Copying tests/userprog/bad-read into /tmp/_jqrceJ3No.dsk...
Writing command line to /tmp/_CtoaOYwjU.dsk...
qemu -hda /tmp/_CtoaOYwjU.dsk -hdb /tmp/CnjSkOXP_j.dsk -hdc /tmp/_jqrceJ3No.dsk -m 4 -net none -nographic -monitor null
Kernel command line: -q -f put bad-read run bad-read
Pintos booting with 4,088 kB RAM...
373 pages available in kernel pool.
373 pages available in user pool.
Calibrating timer...  419,020,800 loops/s.
hd0:0: detected 137 sector (68 kB) disk, model "QEMU HARDDISK", serial "QM00001"
hd0:1: detected 4,032 sector (1 MB) disk, model "QEMU HARDDISK", serial "QM00002"
hd1:0: detected 104 sector (52 kB) disk, model "QEMU HARDDISK", serial "QM00003"
Formatting file system...done.
Boot complete.
Putting 'bad-read' into the file system...
Executing 'bad-read':
(bad-read) begin
Page fault at 0: not present error reading page in user context.
bad-read: dying due to interrupt 0x0e (#PF Page-Fault Exception).
Interrupt 0x0e (#PF Page-Fault Exception) at eip=0x80480a6
 cr2=00000000 error=00000004
 eax=00000027 ebx=00000000 ecx=000000ad edx=0000000e
 esi=00000000 edi=00000000 esp=bfffffb0 ebp=bfffffb8
 cs=001b ds=0023 es=0023 ss=0023
Execution of 'bad-read' complete.
Timer: 57 ticks
Thread: 3 idle ticks, 53 kernel ticks, 1 user ticks
hd0:0: 0 reads, 0 writes
hd0:1: 59 reads, 216 writes
hd1:0: 104 reads, 0 writes
Console: 1114 characters output
Keyboard: 0 keys pressed
Exception: 1 page faults
Powering off...

- - - - - - - - - - - - - - - - - - - - - - - - - - - - - - - - - - - - - - 

DETAILS OF tests/userprog/bad-write FAILURE:

Test output failed to match any acceptable form.

Acceptable output:
  (bad-write) begin
  bad-write: exit(-1)
Differences in `diff -u' format:
  (bad-write) begin
- bad-write: exit(-1)

(User fault messages are excluded for matching purposes.)

OUTPUT FROM tests/userprog/bad-write:

Copying tests/userprog/bad-write into /tmp/bufHJ8WpBU.dsk...
Writing command line to /tmp/hlRL3BcMst.dsk...
qemu -hda /tmp/hlRL3BcMst.dsk -hdb /tmp/wqwG4eC1lh.dsk -hdc /tmp/bufHJ8WpBU.dsk -m 4 -net none -nographic -monitor null
Kernel command line: -q -f put bad-write run bad-write
Pintos booting with 4,088 kB RAM...
373 pages available in kernel pool.
373 pages available in user pool.
Calibrating timer...  416,563,200 loops/s.
hd0:0: detected 137 sector (68 kB) disk, model "QEMU HARDDISK", serial "QM00001"
hd0:1: detected 4,032 sector (1 MB) disk, model "QEMU HARDDISK", serial "QM00002"
hd1:0: detected 104 sector (52 kB) disk, model "QEMU HARDDISK", serial "QM00003"
Formatting file system...done.
Boot complete.
Putting 'bad-write' into the file system...
Executing 'bad-write':
(bad-write) begin
Page fault at 0: not present error writing page in user context.
bad-write: dying due to interrupt 0x0e (#PF Page-Fault Exception).
Interrupt 0x0e (#PF Page-Fault Exception) at eip=0x80480a6
 cr2=00000000 error=00000006
 eax=00000027 ebx=00000000 ecx=000000ad edx=0000000e
 esi=00000000 edi=00000000 esp=bfffffb0 ebp=bfffffb8
 cs=001b ds=0023 es=0023 ss=0023
Execution of 'bad-write' complete.
Timer: 63 ticks
Thread: 0 idle ticks, 62 kernel ticks, 1 user ticks
hd0:0: 0 reads, 0 writes
hd0:1: 59 reads, 216 writes
hd1:0: 104 reads, 0 writes
Console: 1121 characters output
Keyboard: 0 keys pressed
Exception: 1 page faults
Powering off...

- - - - - - - - - - - - - - - - - - - - - - - - - - - - - - - - - - - - - - 

DETAILS OF tests/userprog/bad-jump FAILURE:

Test output failed to match any acceptable form.

Acceptable output:
  (bad-jump) begin
  bad-jump: exit(-1)
Differences in `diff -u' format:
  (bad-jump) begin
- bad-jump: exit(-1)

(User fault messages are excluded for matching purposes.)

OUTPUT FROM tests/userprog/bad-jump:

Copying tests/userprog/bad-jump into /tmp/W1tMbO5Lk4.dsk...
Writing command line to /tmp/URZg6P7SWU.dsk...
qemu -hda /tmp/URZg6P7SWU.dsk -hdb /tmp/sHpiLp6CTC.dsk -hdc /tmp/W1tMbO5Lk4.dsk -m 4 -net none -nographic -monitor null
Kernel command line: -q -f put bad-jump run bad-jump
Pintos booting with 4,088 kB RAM...
373 pages available in kernel pool.
373 pages available in user pool.
Calibrating timer...  419,020,800 loops/s.
hd0:0: detected 137 sector (68 kB) disk, model "QEMU HARDDISK", serial "QM00001"
hd0:1: detected 4,032 sector (1 MB) disk, model "QEMU HARDDISK", serial "QM00002"
hd1:0: detected 104 sector (52 kB) disk, model "QEMU HARDDISK", serial "QM00003"
Formatting file system...done.
Boot complete.
Putting 'bad-jump' into the file system...
Executing 'bad-jump':
(bad-jump) begin
Page fault at 0: not present error reading page in user context.
bad-jump: dying due to interrupt 0x0e (#PF Page-Fault Exception).
Interrupt 0x0e (#PF Page-Fault Exception) at eip=0
 cr2=00000000 error=00000004
 eax=00000000 ebx=00000000 ecx=000000ad edx=0000000e
 esi=00000000 edi=00000000 esp=bfffffac ebp=bfffffb8
 cs=001b ds=0023 es=0023 ss=0023
Execution of 'bad-jump' complete.
Timer: 57 ticks
Thread: 3 idle ticks, 53 kernel ticks, 1 user ticks
hd0:0: 0 reads, 0 writes
hd0:1: 59 reads, 216 writes
hd1:0: 104 reads, 0 writes
Console: 1106 characters output
Keyboard: 0 keys pressed
Exception: 1 page faults
Powering off...

- - - - - - - - - - - - - - - - - - - - - - - - - - - - - - - - - - - - - - 

DETAILS OF tests/userprog/bad-read2 FAILURE:

Test output failed to match any acceptable form.

Acceptable output:
  (bad-read2) begin
  bad-read2: exit(-1)
Differences in `diff -u' format:
  (bad-read2) begin
- bad-read2: exit(-1)

(User fault messages are excluded for matching purposes.)

OUTPUT FROM tests/userprog/bad-read2:

Copying tests/userprog/bad-read2 into /tmp/64yo457OAR.dsk...
Writing command line to /tmp/bvxB6Pc54l.dsk...
qemu -hda /tmp/bvxB6Pc54l.dsk -hdb /tmp/ndmHRyPJ5t.dsk -hdc /tmp/64yo457OAR.dsk -m 4 -net none -nographic -monitor null
Kernel command line: -q -f put bad-read2 run bad-read2
Pintos booting with 4,088 kB RAM...
373 pages available in kernel pool.
373 pages available in user pool.
Calibrating timer...  419,020,800 loops/s.
hd0:0: detected 137 sector (68 kB) disk, model "QEMU HARDDISK", serial "QM00001"
hd0:1: detected 4,032 sector (1 MB) disk, model "QEMU HARDDISK", serial "QM00002"
hd1:0: detected 104 sector (52 kB) disk, model "QEMU HARDDISK", serial "QM00003"
Formatting file system...done.
Boot complete.
Putting 'bad-read2' into the file system...
Executing 'bad-read2':
(bad-read2) begin
Page fault at 0xc0000000: rights violation error reading page in user context.
bad-read2: dying due to interrupt 0x0e (#PF Page-Fault Exception).
Interrupt 0x0e (#PF Page-Fault Exception) at eip=0x80480a6
 cr2=c0000000 error=00000005
 eax=00000027 ebx=00000000 ecx=000000ad edx=0000000e
 esi=00000000 edi=00000000 esp=bfffffb0 ebp=bfffffb8
 cs=001b ds=0023 es=0023 ss=0023
Execution of 'bad-read2' complete.
Timer: 57 ticks
Thread: 3 idle ticks, 53 kernel ticks, 1 user ticks
hd0:0: 0 reads, 0 writes
hd0:1: 59 reads, 216 writes
hd1:0: 104 reads, 0 writes
Console: 1135 characters output
Keyboard: 0 keys pressed
Exception: 1 page faults
Powering off...

- - - - - - - - - - - - - - - - - - - - - - - - - - - - - - - - - - - - - - 

DETAILS OF tests/userprog/bad-write2 FAILURE:

Test output failed to match any acceptable form.

Acceptable output:
  (bad-write2) begin
  bad-write2: exit(-1)
Differences in `diff -u' format:
  (bad-write2) begin
- bad-write2: exit(-1)

(User fault messages are excluded for matching purposes.)

OUTPUT FROM tests/userprog/bad-write2:

Copying tests/userprog/bad-write2 into /tmp/iEQsbW2yuh.dsk...
Writing command line to /tmp/8gg2qc4zoP.dsk...
qemu -hda /tmp/8gg2qc4zoP.dsk -hdb /tmp/i1UuredGCr.dsk -hdc /tmp/iEQsbW2yuh.dsk -m 4 -net none -nographic -monitor null
Kernel command line: -q -f put bad-write2 run bad-write2
Pintos booting with 4,088 kB RAM...
373 pages available in kernel pool.
373 pages available in user pool.
Calibrating timer...  419,020,800 loops/s.
hd0:0: detected 137 sector (68 kB) disk, model "QEMU HARDDISK", serial "QM00001"
hd0:1: detected 4,032 sector (1 MB) disk, model "QEMU HARDDISK", serial "QM00002"
hd1:0: detected 104 sector (52 kB) disk, model "QEMU HARDDISK", serial "QM00003"
Formatting file system...done.
Boot complete.
Putting 'bad-write2' into the file system...
Executing 'bad-write2':
(bad-write2) begin
Page fault at 0xc0000000: rights violation error writing page in user context.
bad-write2: dying due to interrupt 0x0e (#PF Page-Fault Exception).
Interrupt 0x0e (#PF Page-Fault Exception) at eip=0x80480a6
 cr2=c0000000 error=00000007
 eax=00000027 ebx=00000000 ecx=000000ad edx=0000000e
 esi=00000000 edi=00000000 esp=bfffffb0 ebp=bfffffb8
 cs=001b ds=0023 es=0023 ss=0023
Execution of 'bad-write2' complete.
Timer: 58 ticks
Thread: 3 idle ticks, 54 kernel ticks, 1 user ticks
hd0:0: 0 reads, 0 writes
hd0:1: 59 reads, 216 writes
hd1:0: 104 reads, 0 writes
Console: 1142 characters output
Keyboard: 0 keys pressed
Exception: 1 page faults
Powering off...

- - - - - - - - - - - - - - - - - - - - - - - - - - - - - - - - - - - - - - 

DETAILS OF tests/userprog/bad-jump2 FAILURE:

Test output failed to match any acceptable form.

Acceptable output:
  (bad-jump2) begin
  bad-jump2: exit(-1)
Differences in `diff -u' format:
  (bad-jump2) begin
- bad-jump2: exit(-1)

(User fault messages are excluded for matching purposes.)

OUTPUT FROM tests/userprog/bad-jump2:

Copying tests/userprog/bad-jump2 into /tmp/stU5arE_ev.dsk...
Writing command line to /tmp/xLNTNZZye5.dsk...
qemu -hda /tmp/xLNTNZZye5.dsk -hdb /tmp/sdTyPDsMX9.dsk -hdc /tmp/stU5arE_ev.dsk -m 4 -net none -nographic -monitor null
Kernel command line: -q -f put bad-jump2 run bad-jump2
Pintos booting with 4,088 kB RAM...
373 pages available in kernel pool.
373 pages available in user pool.
Calibrating timer...  431,718,400 loops/s.
hd0:0: detected 137 sector (68 kB) disk, model "QEMU HARDDISK", serial "QM00001"
hd0:1: detected 4,032 sector (1 MB) disk, model "QEMU HARDDISK", serial "QM00002"
hd1:0: detected 104 sector (52 kB) disk, model "QEMU HARDDISK", serial "QM00003"
Formatting file system...done.
Boot complete.
Putting 'bad-jump2' into the file system...
Executing 'bad-jump2':
(bad-jump2) begin
Page fault at 0xc0000000: rights violation error reading page in user context.
bad-jump2: dying due to interrupt 0x0e (#PF Page-Fault Exception).
Interrupt 0x0e (#PF Page-Fault Exception) at eip=0xc0000000
 cr2=c0000000 error=00000005
 eax=c0000000 ebx=00000000 ecx=000000ad edx=0000000e
 esi=00000000 edi=00000000 esp=bfffffac ebp=bfffffb8
 cs=001b ds=0023 es=0023 ss=0023
Execution of 'bad-jump2' complete.
Timer: 64 ticks
Thread: 3 idle ticks, 60 kernel ticks, 1 user ticks
hd0:0: 0 reads, 0 writes
hd0:1: 59 reads, 216 writes
hd1:0: 104 reads, 0 writes
Console: 1136 characters output
Keyboard: 0 keys pressed
Exception: 1 page faults
Powering off...

- - - - - - - - - - - - - - - - - - - - - - - - - - - - - - - - - - - - - - 

DETAILS OF tests/userprog/no-vm/multi-oom FAILURE:

Kernel panic in run: PANIC at ../../userprog/pagedir.c:133 in pagedir_get_page(): assertion `is_user_vaddr (uaddr)' failed.
Call stack: 0xc0160f24
Translation of call stack:
0xc0160f24: (unknown)

OUTPUT FROM tests/userprog/no-vm/multi-oom:

Copying tests/userprog/no-vm/multi-oom into /tmp/z_w6rCcISs.dsk...
Writing command line to /tmp/UvqSsy0Df5.dsk...
qemu -hda /tmp/UvqSsy0Df5.dsk -hdb /tmp/lqn9DKlK2W.dsk -hdc /tmp/z_w6rCcISs.dsk -m 4 -net none -nographic -monitor null
Kernel command line: -q -f put multi-oom run multi-oom
Pintos booting with 4,088 kB RAM...
373 pages available in kernel pool.
373 pages available in user pool.
Calibrating timer...  471,040,000 loops/s.
hd0:0: detected 137 sector (68 kB) disk, model "QEMU HARDDISK", serial "QM00001"
hd0:1: detected 4,032 sector (1 MB) disk, model "QEMU HARDDISK", serial "QM00002"
hd1:0: detected 121 sector (60 kB) disk, model "QEMU HARDDISK", serial "QM00003"
Formatting file system...done.
Boot complete.
Putting 'multi-oom' into the file system...
Executing 'multi-oom':
(multi-oom) begin
Kernel PANIC at ../../userprog/pagedir.c:133 in pagedir_get_page(): assertion `is_user_vaddr (uaddr)' failed.
Call stack: 0xc0160f24Page fault at 0x85: not present error reading page in kernel context.
Interrupt 0x0e (#PF Page-Fault Exception) at eip=0xc0105312
 cr2=00000085 error=00000000
 eax=00000085 ebx=00000085 ecx=c0160e50 edx=000003d4
 esi=c010d281 edi=c010eba3 esp=c010e573 ebp=c0160ee4
 cs=0008 ds=0010 es=0010 ss=0f24
Kernel PANIC recursion at ../../userprog/exception.c:100 in kill().
Timer: 73 ticks
Thread: 7 idle ticks, 58 kernel ticks, 8 user ticks
hd0:0: 0 reads, 0 writes
hd0:1: 913 reads, 250 writes
hd1:0: 121 reads, 0 writes
Console: 1226 characters output
Keyboard: 0 keys pressed
Exception: 1 page faults
Powering off...

- - - - - - - - - - - - - - - - - - - - - - - - - - - - - - - - - - - - - - 

DETAILS OF tests/filesys/base/syn-read FAILURE:

run: wait for child 1 of 10 returned 4 (expected 0): FAILED

OUTPUT FROM tests/filesys/base/syn-read:

Copying tests/filesys/base/syn-read into /tmp/76WeDy8vt_.dsk...
Copying tests/filesys/base/child-syn-read into /tmp/76WeDy8vt_.dsk...
Writing command line to /tmp/VpKcvM2S3U.dsk...
qemu -hda /tmp/VpKcvM2S3U.dsk -hdb /tmp/lsoC5cu7bR.dsk -hdc /tmp/76WeDy8vt_.dsk -m 4 -net none -nographic -monitor null
Kernel command line: -q -f put syn-read put child-syn-read run syn-read
Pintos booting with 4,088 kB RAM...
373 pages available in kernel pool.
373 pages available in user pool.
Calibrating timer...  419,020,800 loops/s.
hd0:0: detected 137 sector (68 kB) disk, model "QEMU HARDDISK", serial "QM00001"
hd0:1: detected 4,032 sector (1 MB) disk, model "QEMU HARDDISK", serial "QM00002"
hd1:0: detected 229 sector (114 kB) disk, model "QEMU HARDDISK", serial "QM00003"
Formatting file system...done.
Boot complete.
Putting 'syn-read' into the file system...
Putting 'child-syn-read' into the file system...
Executing 'syn-read':
(syn-read) begin
(syn-read) create "data"
(syn-read) open "data"
(syn-read) write "data"
(syn-read) close "data"
(syn-read) exec child 1 of 10: "child-syn-read 0"
(syn-read) exec child 2 of 10: "child-syn-read 1"
(syn-read) exec child 3 of 10: "child-syn-read 2"
(syn-read) exec child 4 of 10: "child-syn-read 3"
(syn-read) exec child 5 of 10: "child-syn-read 4"
(syn-read) exec child 6 of 10: "child-syn-read 5"
(syn-read) exec child 7 of 10: "child-syn-read 6"
(syn-read) exec child 8 of 10: "child-syn-read 7"
(syn-read) exec child 9 of 10: "child-syn-read 8"
(syn-read) exec child 10 of 10: "child-syn-read 9"
load: child-syn-read 1: open failed
load: child-syn-read 2: open failed
load: child-syn-read 3: open failed
load: child-syn-read 4: open failed
load: child-syn-read 5: open failed
load: child-syn-read 6: open failed
load: child-syn-read 7: open failed
load: child-syn-read 8: open failed
load: child-syn-read 9: open failed
(syn-read) wait for child 1 of 10 returned 4 (expected 0)
(syn-read) wait for child 1 of 10 returned 4 (expected 0): FAILED
syn-read: exit(1)
Execution of 'syn-read' complete.
Timer: 64 ticks
Thread: 9 idle ticks, 53 kernel ticks, 2 user ticks
hd0:0: 0 reads, 0 writes
hd0:1: 133 reads, 476 writes
hd1:0: 229 reads, 0 writes
Console: 1889 characters output
Keyboard: 0 keys pressed
Exception: 0 page faults
Powering off...

- - - - - - - - - - - - - - - - - - - - - - - - - - - - - - - - - - - - - - 

DETAILS OF tests/filesys/base/syn-write FAILURE:

run: wait for child 1 of 10 returned 4 (expected 0): FAILED

OUTPUT FROM tests/filesys/base/syn-write:

Copying tests/filesys/base/syn-write into /tmp/aZndXAnIyV.dsk...
Copying tests/filesys/base/child-syn-wrt into /tmp/aZndXAnIyV.dsk...
Writing command line to /tmp/Qi12ajEYB2.dsk...
qemu -hda /tmp/Qi12ajEYB2.dsk -hdb /tmp/gertV0WRQ_.dsk -hdc /tmp/aZndXAnIyV.dsk -m 4 -net none -nographic -monitor null
Kernel command line: -q -f put syn-write put child-syn-wrt run syn-write
Pintos booting with 4,088 kB RAM...
373 pages available in kernel pool.
373 pages available in user pool.
Calibrating timer...  419,020,800 loops/s.
hd0:0: detected 137 sector (68 kB) disk, model "QEMU HARDDISK", serial "QM00001"
hd0:1: detected 4,032 sector (1 MB) disk, model "QEMU HARDDISK", serial "QM00002"
hd1:0: detected 228 sector (114 kB) disk, model "QEMU HARDDISK", serial "QM00003"
Formatting file system...done.
Boot complete.
Putting 'syn-write' into the file system...
Putting 'child-syn-wrt' into the file system...
Executing 'syn-write':
(syn-write) begin
(syn-write) create "stuff"
(syn-write) exec child 1 of 10: "child-syn-wrt 0"
(syn-write) exec child 2 of 10: "child-syn-wrt 1"
(syn-write) exec child 3 of 10: "child-syn-wrt 2"
(syn-write) exec child 4 of 10: "child-syn-wrt 3"
(syn-write) exec child 5 of 10: "child-syn-wrt 4"
(syn-write) exec child 6 of 10: "child-syn-wrt 5"
(syn-write) exec child 7 of 10: "child-syn-wrt 6"
(syn-write) exec child 8 of 10: "child-syn-wrt 7"
(syn-write) exec child 9 of 10: "child-syn-wrt 8"
(syn-write) exec child 10 of 10: "child-syn-wrt 9"
load: child-syn-wrt 1: open failed
load: child-syn-wrt 2: open failed
load: child-syn-wrt 3: open failed
load: child-syn-wrt 4: open failed
load: child-syn-wrt 5: open failed
load: child-syn-wrt 6: open failed
load: child-syn-wrt 7: open failed
load: child-syn-wrt 8: open failed
load: child-syn-wrt 9: open failed
(syn-write) wait for child 1 of 10 returned 4 (expected 0)
(syn-write) wait for child 1 of 10 returned 4 (expected 0): FAILED
syn-write: exit(1)
Execution of 'syn-write' complete.
Timer: 63 ticks
Thread: 5 idle ticks, 55 kernel ticks, 3 user ticks
hd0:0: 0 reads, 0 writes
hd0:1: 111 reads, 480 writes
hd1:0: 228 reads, 0 writes
Console: 1818 characters output
Keyboard: 0 keys pressed
Exception: 0 page faults
Powering off...
