TOTAL TESTING SCORE: 90.0%

- - - - - - - - - - - - - - - - - - - - - - - - - - - - - - - - - - - - - - 

SUMMARY BY TEST SET

Test Set                                      Pts Max  % Ttl  % Max
--------------------------------------------- --- --- ------ ------
tests/userprog/Rubric.functionality           108/108  35.0%/ 35.0%
tests/userprog/Rubric.robustness               88/ 88  25.0%/ 25.0%
tests/userprog/no-vm/Rubric                     0/  1   0.0%/ 10.0%
tests/filesys/base/Rubric                      30/ 30  30.0%/ 30.0%
--------------------------------------------- --- --- ------ ------
Total                                                  90.0%/100.0%

- - - - - - - - - - - - - - - - - - - - - - - - - - - - - - - - - - - - - - 

SUMMARY OF INDIVIDUAL TESTS

Functionality of system calls (tests/userprog/Rubric.functionality):
	- Test argument passing on Pintos command line.
	     3/ 3 tests/userprog/args-none
	     3/ 3 tests/userprog/args-single
	     3/ 3 tests/userprog/args-multiple
	     3/ 3 tests/userprog/args-many
	     3/ 3 tests/userprog/args-dbl-space

	- Test "create" system call.
	     3/ 3 tests/userprog/create-empty
	     3/ 3 tests/userprog/create-long
	     3/ 3 tests/userprog/create-normal
	     3/ 3 tests/userprog/create-exists

	- Test "open" system call.
	     3/ 3 tests/userprog/open-missing
	     3/ 3 tests/userprog/open-normal
	     3/ 3 tests/userprog/open-twice

	- Test "read" system call.
	     3/ 3 tests/userprog/read-normal
	     3/ 3 tests/userprog/read-zero

	- Test "write" system call.
	     3/ 3 tests/userprog/write-normal
	     3/ 3 tests/userprog/write-zero

	- Test "close" system call.
	     3/ 3 tests/userprog/close-normal

	- Test "exec" system call.
	     5/ 5 tests/userprog/exec-once
	     5/ 5 tests/userprog/exec-multiple
	     5/ 5 tests/userprog/exec-arg

	- Test "wait" system call.
	     5/ 5 tests/userprog/wait-simple
	     5/ 5 tests/userprog/wait-twice

	- Test "exit" system call.
	     5/ 5 tests/userprog/exit

	- Test "halt" system call.
	     3/ 3 tests/userprog/halt

	- Test recursive execution of user programs.
	    15/15 tests/userprog/multi-recurse

	- Test read-only executable feature.
	     3/ 3 tests/userprog/rox-simple
	     3/ 3 tests/userprog/rox-child
	     3/ 3 tests/userprog/rox-multichild

	- Section summary.
	     28/ 28 tests passed
	    108/108 points subtotal

Robustness of system calls (tests/userprog/Rubric.robustness):
	- Test robustness of file descriptor handling.
	     2/ 2 tests/userprog/close-stdin
	     2/ 2 tests/userprog/close-stdout
	     2/ 2 tests/userprog/close-bad-fd
	     2/ 2 tests/userprog/close-twice
	     2/ 2 tests/userprog/read-bad-fd
	     2/ 2 tests/userprog/read-stdout
	     2/ 2 tests/userprog/write-bad-fd
	     2/ 2 tests/userprog/write-stdin
	     2/ 2 tests/userprog/multi-child-fd

	- Test robustness of pointer handling.
	     3/ 3 tests/userprog/create-bad-ptr
	     3/ 3 tests/userprog/exec-bad-ptr
	     3/ 3 tests/userprog/open-bad-ptr
	     3/ 3 tests/userprog/read-bad-ptr
	     3/ 3 tests/userprog/write-bad-ptr

	- Test robustness of buffer copying across page boundaries.
	     3/ 3 tests/userprog/create-bound
	     3/ 3 tests/userprog/open-boundary
	     3/ 3 tests/userprog/read-boundary
	     3/ 3 tests/userprog/write-boundary

	- Test handling of null pointer and empty strings.
	     2/ 2 tests/userprog/create-null
	     2/ 2 tests/userprog/open-null
	     2/ 2 tests/userprog/open-empty

	- Test robustness of system call implementation.
	     3/ 3 tests/userprog/sc-bad-arg
	     3/ 3 tests/userprog/sc-bad-sp
	     5/ 5 tests/userprog/sc-boundary
	     5/ 5 tests/userprog/sc-boundary-2

	- Test robustness of "exec" and "wait" system calls.
	     5/ 5 tests/userprog/exec-missing
	     5/ 5 tests/userprog/wait-bad-pid
	     5/ 5 tests/userprog/wait-killed

	- Test robustness of exception handling.
	     1/ 1 tests/userprog/bad-read
	     1/ 1 tests/userprog/bad-write
	     1/ 1 tests/userprog/bad-jump
	     1/ 1 tests/userprog/bad-read2
	     1/ 1 tests/userprog/bad-write2
	     1/ 1 tests/userprog/bad-jump2

	- Section summary.
	     34/ 34 tests passed
	     88/ 88 points subtotal

Functionality of features that VM might break (tests/userprog/no-vm/Rubric):

	  ** 0/ 1 tests/userprog/no-vm/multi-oom

	- Section summary.
	      0/  1 tests passed
	      0/  1 points subtotal

Functionality of base file system (tests/filesys/base/Rubric):
	- Test basic support for small files.
	     1/ 1 tests/filesys/base/sm-create
	     2/ 2 tests/filesys/base/sm-full
	     2/ 2 tests/filesys/base/sm-random
	     2/ 2 tests/filesys/base/sm-seq-block
	     3/ 3 tests/filesys/base/sm-seq-random

	- Test basic support for large files.
	     1/ 1 tests/filesys/base/lg-create
	     2/ 2 tests/filesys/base/lg-full
	     2/ 2 tests/filesys/base/lg-random
	     2/ 2 tests/filesys/base/lg-seq-block
	     3/ 3 tests/filesys/base/lg-seq-random

	- Test synchronized multiprogram access to files.
	     4/ 4 tests/filesys/base/syn-read
	     4/ 4 tests/filesys/base/syn-write
	     2/ 2 tests/filesys/base/syn-remove

	- Section summary.
	     13/ 13 tests passed
	     30/ 30 points subtotal


- - - - - - - - - - - - - - - - - - - - - - - - - - - - - - - - - - - - - - 

DETAILS OF tests/userprog/no-vm/multi-oom FAILURE:

Kernel panic in run: PANIC at ../../lib/kernel/list.c:84 in list_next(): assertion `is_head (elem) || is_interior (elem)' failed.
Call stack: 0xc01e1ee4
Translation of call stack:
0xc01e1ee4: (unknown)

OUTPUT FROM tests/userprog/no-vm/multi-oom:

Copying tests/userprog/no-vm/multi-oom into /tmp/EVDoxVxAFB.dsk...
Writing command line to /tmp/4c2zvI4RBc.dsk...
qemu -hda /tmp/4c2zvI4RBc.dsk -hdb /tmp/NstmakxU5Z.dsk -hdc /tmp/EVDoxVxAFB.dsk -m 4 -net none -nographic -monitor null
Kernel command line: -q -f put multi-oom run multi-oom
Pintos booting with 4,088 kB RAM...
373 pages available in kernel pool.
373 pages available in user pool.
Calibrating timer...  419,020,800 loops/s.
hd0:0: detected 137 sector (68 kB) disk, model "QEMU HARDDISK", serial "QM00001"
hd0:1: detected 4,032 sector (1 MB) disk, model "QEMU HARDDISK", serial "QM00002"
hd1:0: detected 121 sector (60 kB) disk, model "QEMU HARDDISK", serial "QM00003"
Formatting file system...done.
Boot complete.
Putting 'multi-oom' into the file system...
Executing 'multi-oom':
(multi-oom) begin
multi-oom: exit(-1)
multi-oom: exit(-1)
multi-oom: exit(-1)
multi-oom: exit(-1)
multi-oom: exit(-1)
multi-oom: exit(-1)
multi-oom: exit(-1)
multi-oom: exit(-1)
multi-oom: exit(-1)
multi-oom: exit(-1)
multi-oom: exit(-1)
multi-oom: exit(-1)
multi-oom: exit(-1)
multi-oom: exit(-1)
multi-oom: exit(-1)
multi-oom: exit(-1)
(multi-oom) wait returned -1.: FAILED
multi-oom: exit(1)
multi-oom: exit(-1)
multi-oom: exit(1)
multi-oom: exit(-1)
multi-oom: exit(1)
multi-oom: exit(1)
multi-oom: exit(1)
Kernel PANIC at ../../lib/kernel/list.c:84 in list_next(): assertion `is_head (elem) || is_interior (elem)' failed.
Call stack: 0xc01e1ee4Page fault at 0x54: not present error reading page in kernel context.
Interrupt 0x0e (#PF Page-Fault Exception) at eip=0xc0105332
 cr2=00000054 error=00000000
 eax=00000054 ebx=00000054 ecx=c01e1e10 edx=000003d4
 esi=c010d320 edi=c010ea09 esp=c010e753 ebp=c01e1ea4
 cs=0008 ds=0010 es=0010 ss=1ee4
Kernel PANIC recursion at ../../userprog/exception.c:102 in kill().
Timer: 159 ticks
Thread: 30 idle ticks, 53 kernel ticks, 76 user ticks
hd0:0: 0 reads, 0 writes
hd0:1: 7924 reads, 250 writes
hd1:0: 121 reads, 0 writes
Console: 1729 characters output
Keyboard: 0 keys pressed
Exception: 1 page faults
Powering off...
